2023-12-13 21:33:54,708 [INFO] Activator:176 - 


2023-12-13 21:33:54,710 [INFO] Activator:177 - !SESSION log4j initialized
2023-12-13 21:33:57,144 [INFO] LogOutputStream:77 - [STDOUT_REDIRECT] 
2023-12-13 21:34:01,828 [INFO] ApplicationProperties:184 - Using Application install path: C:\ST\STM32CubeIDE_1.13.2\STM32CubeIDE\plugins\com.st.stm32cube.common.mx_6.10.0.202311202037
2023-12-13 21:34:01,843 [INFO] DbMcusXml:78 - Set database path to: C:\ST\STM32CubeIDE_1.13.2\STM32CubeIDE\plugins\com.st.stm32cube.common.mx_6.10.0.202311202037\\db\/mcu/
2023-12-13 21:34:01,843 [INFO] ApiDb:274 - Set plugin database path to: C:\ST\STM32CubeIDE_1.13.2\STM32CubeIDE\plugins\com.st.stm32cube.common.mx_6.10.0.202311202037\\db\/plugins/boardmanager/
2023-12-13 21:34:01,844 [WARN] ApiDb:259 - Overriding images path with different value:  => C:\ST\STM32CubeIDE_1.13.2\STM32CubeIDE\plugins\com.st.stm32cube.common.mx_6.10.0.202311202037\\db\/plugins/mcufinder/images/
2023-12-13 21:34:01,850 [INFO] ApiDb:250 - Set database path to: C:\Users\Niko\.stmcufinder\plugins\mcufinder//mcu/
2023-12-13 21:34:01,851 [INFO] DbMcusAds:125 - Set database path to: C:\Users\Niko\.stmcufinder\plugins\mcufinder//mcu/
2023-12-13 21:34:01,853 [INFO] CrossReferenceDbSqlite:203 - Set database path to: C:\Users\Niko\.stmcufinder\plugins\mcufinder//mcu/cs/
2023-12-13 21:34:02,000 [INFO] RulesReader:64 - Compatibility file has been processed (297 Rules)
2023-12-13 21:34:02,083 [INFO] DbMcusXml:78 - Set database path to: C:\ST\STM32CubeIDE_1.13.2\STM32CubeIDE\plugins\com.st.stm32cube.common.mx_6.10.0.202311202037\\db\/mcu/
2023-12-13 21:34:02,083 [INFO] ApiDb:274 - Set plugin database path to: C:\ST\STM32CubeIDE_1.13.2\STM32CubeIDE\plugins\com.st.stm32cube.common.mx_6.10.0.202311202037\\db\/plugins/boardmanager/
2023-12-13 21:34:02,083 [INFO] ApiDb:261 - Set plugin images path to: C:\ST\STM32CubeIDE_1.13.2\STM32CubeIDE\plugins\com.st.stm32cube.common.mx_6.10.0.202311202037\\db\/plugins/mcufinder/images/
2023-12-13 21:34:02,083 [WARN] DbFile:41 - Overriding database path with different value: C:\Users\Niko\.stmcufinder\plugins\mcufinder/ => C:\Users\Niko\.stmcufinder\plugins\mcufinder
2023-12-13 21:34:02,083 [INFO] ApiDb:250 - Set database path to: C:\Users\Niko\.stmcufinder\plugins\mcufinder//mcu/
2023-12-13 21:34:02,083 [WARN] DbFile:41 - Overriding database path with different value: C:\Users\Niko\.stmcufinder\plugins\mcufinder/ => C:\Users\Niko\.stmcufinder\plugins\mcufinder
2023-12-13 21:34:02,083 [INFO] DbMcusAds:125 - Set database path to: C:\Users\Niko\.stmcufinder\plugins\mcufinder//mcu/
2023-12-13 21:34:02,083 [WARN] DbFile:41 - Overriding database path with different value: C:\Users\Niko\.stmcufinder\plugins\mcufinder/ => C:\Users\Niko\.stmcufinder\plugins\mcufinder
2023-12-13 21:34:02,084 [WARN] DbFile:41 - Overriding database path with different value: C:\Users\Niko\.stmcufinder\plugins\mcufinder/ => C:\Users\Niko\.stmcufinder\plugins\mcufinder
2023-12-13 21:34:02,084 [INFO] CrossReferenceDbSqlite:203 - Set database path to: C:\Users\Niko\.stmcufinder\plugins\mcufinder//mcu/cs/
2023-12-13 21:34:02,144 [INFO] MainPanel:264 - HeapMemory: 268435456
2023-12-13 21:34:02,219 [INFO] DbMcusXml:78 - Set database path to: C:\ST\STM32CubeIDE_1.13.2\STM32CubeIDE\plugins\com.st.stm32cube.common.mx_6.10.0.202311202037\\db\/mcu/
2023-12-13 21:34:02,220 [INFO] ApiDb:274 - Set plugin database path to: C:\ST\STM32CubeIDE_1.13.2\STM32CubeIDE\plugins\com.st.stm32cube.common.mx_6.10.0.202311202037\\db\/plugins/boardmanager/
2023-12-13 21:34:02,220 [INFO] ApiDb:261 - Set plugin images path to: C:\ST\STM32CubeIDE_1.13.2\STM32CubeIDE\plugins\com.st.stm32cube.common.mx_6.10.0.202311202037\\db\/plugins/mcufinder/images/
2023-12-13 21:34:02,220 [WARN] DbFile:41 - Overriding database path with different value: C:\Users\Niko\.stmcufinder\plugins\mcufinder/ => C:\Users\Niko\.stmcufinder\plugins\mcufinder
2023-12-13 21:34:02,220 [INFO] ApiDb:250 - Set database path to: C:\Users\Niko\.stmcufinder\plugins\mcufinder//mcu/
2023-12-13 21:34:02,221 [WARN] DbFile:41 - Overriding database path with different value: C:\Users\Niko\.stmcufinder\plugins\mcufinder/ => C:\Users\Niko\.stmcufinder\plugins\mcufinder
2023-12-13 21:34:02,221 [INFO] DbMcusAds:125 - Set database path to: C:\Users\Niko\.stmcufinder\plugins\mcufinder//mcu/
2023-12-13 21:34:02,221 [WARN] DbFile:41 - Overriding database path with different value: C:\Users\Niko\.stmcufinder\plugins\mcufinder/ => C:\Users\Niko\.stmcufinder\plugins\mcufinder
2023-12-13 21:34:02,221 [WARN] DbFile:41 - Overriding database path with different value: C:\Users\Niko\.stmcufinder\plugins\mcufinder/ => C:\Users\Niko\.stmcufinder\plugins\mcufinder
2023-12-13 21:34:02,221 [INFO] CrossReferenceDbSqlite:203 - Set database path to: C:\Users\Niko\.stmcufinder\plugins\mcufinder//mcu/cs/
2023-12-13 21:34:02,237 [INFO] ApplicationProperties:184 - Using Application install path: C:\ST\STM32CubeIDE_1.13.2\STM32CubeIDE\plugins\com.st.stm32cube.common.mx_6.10.0.202311202037
2023-12-13 21:34:02,239 [INFO] PluginManage:196 - Search for loadable plugins [exclusion list=, ]
2023-12-13 21:34:02,240 [INFO] PluginManage:310 - Check plugin analytics
2023-12-13 21:34:06,896 [INFO] AnalyticsPlugin:253 - Accepted Software Licenses: 
2023-12-13 21:34:06,896 [INFO] AnalyticsPlugin:255 - Accepted CMSIS Pack Licenses: 
2023-12-13 21:34:06,896 [INFO] AnalyticsPlugin:257 - Accepted Firmware Licenses: FW.F4.1.27.0,FW.F4.1.28.0
2023-12-13 21:34:06,898 [INFO] PluginManage:359 - Loaded plugin analytics (category:tool,tabindex:-1)
2023-12-13 21:34:06,899 [INFO] PluginManage:310 - Check plugin cadmodel
2023-12-13 21:34:06,902 [INFO] CADModel:105 - Init CAD model plugin
2023-12-13 21:34:06,903 [INFO] PluginManage:359 - Loaded plugin cadmodel (category:power,tabindex:5)
2023-12-13 21:34:06,903 [INFO] PluginManage:310 - Check plugin clock
2023-12-13 21:34:06,914 [INFO] PluginManage:359 - Loaded plugin clock (category:base,tabindex:2)
2023-12-13 21:34:06,914 [INFO] PluginManage:310 - Check plugin ddr
2023-12-13 21:34:06,916 [INFO] PluginManage:359 - Loaded plugin ddr (category:tool,tabindex:6)
2023-12-13 21:34:06,916 [INFO] PluginManage:310 - Check plugin filemanager
2023-12-13 21:34:07,050 [INFO] PluginManage:359 - Loaded plugin filemanager (category:base,tabindex:10)
2023-12-13 21:34:07,051 [INFO] PluginManage:310 - Check plugin ipmanager
2023-12-13 21:34:07,060 [INFO] PluginManage:359 - Loaded plugin ipmanager (category:base,tabindex:5)
2023-12-13 21:34:07,061 [INFO] PluginManage:310 - Check plugin lpbam
2023-12-13 21:34:07,069 [INFO] PluginManage:359 - Loaded plugin lpbam (category:base,tabindex:0)
2023-12-13 21:34:07,069 [INFO] PluginManage:310 - Check plugin memorymap
2023-12-13 21:34:07,079 [INFO] PluginManage:359 - Loaded plugin memorymap (category:base,tabindex:4)
2023-12-13 21:34:07,079 [INFO] PluginManage:310 - Check plugin pinoutandconfiguration
2023-12-13 21:34:07,085 [INFO] PluginManage:359 - Loaded plugin pinoutandconfiguration (category:base,tabindex:1)
2023-12-13 21:34:07,085 [INFO] PluginManage:310 - Check plugin pinoutconfig
2023-12-13 21:34:07,197 [WARN] SupportedApi:132 - Cannot load RTOS API schema: s4s-elt-must-match.1: The content of 'definitions' must match (annotation?, (simpleType | complexType)?, (unique | key | keyref)*)). A problem was found starting at: attribute.
2023-12-13 21:34:07,338 [INFO] PluginManage:359 - Loaded plugin pinoutconfig (category:base,tabindex:0)
2023-12-13 21:34:07,338 [INFO] PluginManage:310 - Check plugin power
2023-12-13 21:34:07,346 [INFO] PluginManage:359 - Loaded plugin power (category:power,tabindex:4)
2023-12-13 21:34:07,346 [INFO] PluginManage:310 - Check plugin projectmanager
2023-12-13 21:34:07,361 [INFO] PluginManage:359 - Loaded plugin projectmanager (category:projectmanager,tabindex:3)
2023-12-13 21:34:07,362 [INFO] PluginManage:310 - Check plugin thirdparty
2023-12-13 21:34:07,493 [INFO] PluginManage:359 - Loaded plugin thirdparty (category:base,tabindex:-1)
2023-12-13 21:34:07,494 [INFO] PluginManage:310 - Check plugin tools
2023-12-13 21:34:07,497 [INFO] PluginManage:359 - Loaded plugin tools (category:base,tabindex:7)
2023-12-13 21:34:07,497 [INFO] PluginManage:310 - Check plugin tutovideos
2023-12-13 21:34:07,497 [WARN] IntegrityCheckThread:84 - waiting for thirdparty lock release [integrity check]
2023-12-13 21:34:07,498 [INFO] IntegrityCheckThread:86 - entering critical section [integrity check]
2023-12-13 21:34:07,499 [INFO] ThirdPartyUpdaterWithRetryManager:70 - Updater plugin not ready yet. [1/15]
2023-12-13 21:34:07,659 [INFO] PluginManage:359 - Loaded plugin tutovideos (category:base,tabindex:-1)
2023-12-13 21:34:07,659 [INFO] PluginManage:310 - Check plugin updater
2023-12-13 21:34:07,669 [INFO] PluginManage:359 - Loaded plugin updater (category:base,tabindex:12)
2023-12-13 21:34:07,669 [INFO] PluginManage:310 - Check plugin userauth
2023-12-13 21:34:07,674 [INFO] UserAuth:114 - Init User Auth plugin
2023-12-13 21:34:07,674 [INFO] PluginManage:359 - Loaded plugin userauth (category:base,tabindex:14)
2023-12-13 21:34:07,675 [INFO] PluginManage:283 - PluginManage : Loaded plugins [17]
2023-12-13 21:34:07,866 [INFO] PinOutPanel:1499 - setPackage(No Configuration,No Configuration)
2023-12-13 21:34:07,935 [INFO] CADModel:165 - CPN selected for project level
2023-12-13 21:34:07,935 [INFO] CADModel:114 - Register for checkConnection events
2023-12-13 21:34:07,948 [INFO] IPUIPlugin:80 - create IPUIPlugin
2023-12-13 21:34:07,948 [INFO] PluginManager:220 - loadIPPluginJar : add adc
2023-12-13 21:34:07,950 [INFO] IPUIPlugin:80 - create IPUIPlugin
2023-12-13 21:34:07,950 [INFO] PluginManager:220 - loadIPPluginJar : add aes
2023-12-13 21:34:07,952 [INFO] IPUIPlugin:80 - create IPUIPlugin
2023-12-13 21:34:07,952 [INFO] PluginManager:220 - loadIPPluginJar : add can
2023-12-13 21:34:07,953 [INFO] IPUIPlugin:80 - create IPUIPlugin
2023-12-13 21:34:07,953 [INFO] PluginManager:220 - loadIPPluginJar : add comp
2023-12-13 21:34:07,954 [INFO] IPUIPlugin:80 - create IPUIPlugin
2023-12-13 21:34:07,955 [INFO] PluginManager:220 - loadIPPluginJar : add cryp
2023-12-13 21:34:07,956 [INFO] IPUIPlugin:80 - create IPUIPlugin
2023-12-13 21:34:07,957 [INFO] PluginManager:220 - loadIPPluginJar : add dfsdm
2023-12-13 21:34:07,961 [INFO] IPUIPlugin:80 - create IPUIPlugin
2023-12-13 21:34:07,961 [INFO] PluginManager:220 - loadIPPluginJar : add dma
2023-12-13 21:34:07,963 [INFO] IPUIPlugin:80 - create IPUIPlugin
2023-12-13 21:34:07,963 [INFO] PluginManager:220 - loadIPPluginJar : add dma3
2023-12-13 21:34:07,964 [INFO] IPUIPlugin:80 - create IPUIPlugin
2023-12-13 21:34:07,964 [INFO] PluginManager:220 - loadIPPluginJar : add fatfs
2023-12-13 21:34:07,967 [INFO] IPUIPlugin:80 - create IPUIPlugin
2023-12-13 21:34:07,967 [INFO] PluginManager:220 - loadIPPluginJar : add fmc
2023-12-13 21:34:07,971 [INFO] IPUIPlugin:80 - create IPUIPlugin
2023-12-13 21:34:07,971 [INFO] PluginManager:220 - loadIPPluginJar : add freertos
2023-12-13 21:34:07,972 [INFO] IPUIPlugin:80 - create IPUIPlugin
2023-12-13 21:34:07,972 [INFO] PluginManager:220 - loadIPPluginJar : add genericplugin
2023-12-13 21:34:07,974 [INFO] IPUIPlugin:80 - create IPUIPlugin
2023-12-13 21:34:07,974 [INFO] PluginManager:220 - loadIPPluginJar : add gfxmmu
2023-12-13 21:34:07,977 [INFO] IPUIPlugin:80 - create IPUIPlugin
2023-12-13 21:34:07,977 [INFO] PluginManager:220 - loadIPPluginJar : add gic
2023-12-13 21:34:07,980 [INFO] IPUIPlugin:80 - create IPUIPlugin
2023-12-13 21:34:07,980 [INFO] PluginManager:220 - loadIPPluginJar : add gpio
2023-12-13 21:34:07,982 [INFO] IPUIPlugin:80 - create IPUIPlugin
2023-12-13 21:34:07,982 [INFO] PluginManager:220 - loadIPPluginJar : add gtzc
2023-12-13 21:34:07,983 [INFO] IPUIPlugin:80 - create IPUIPlugin
2023-12-13 21:34:07,984 [INFO] PluginManager:220 - loadIPPluginJar : add hash
2023-12-13 21:34:07,986 [INFO] IPUIPlugin:80 - create IPUIPlugin
2023-12-13 21:34:07,986 [INFO] PluginManager:220 - loadIPPluginJar : add i2c
2023-12-13 21:34:07,988 [INFO] IPUIPlugin:80 - create IPUIPlugin
2023-12-13 21:34:07,989 [INFO] PluginManager:220 - loadIPPluginJar : add i2s
2023-12-13 21:34:07,991 [INFO] IPUIPlugin:80 - create IPUIPlugin
2023-12-13 21:34:07,991 [INFO] PluginManager:220 - loadIPPluginJar : add i3c
2023-12-13 21:34:07,994 [INFO] IPUIPlugin:80 - create IPUIPlugin
2023-12-13 21:34:07,994 [INFO] PluginManager:220 - loadIPPluginJar : add ipddr
2023-12-13 21:34:07,999 [INFO] IPUIPlugin:80 - create IPUIPlugin
2023-12-13 21:34:08,000 [INFO] PluginManager:220 - loadIPPluginJar : add linkedlist
2023-12-13 21:34:08,002 [INFO] IPUIPlugin:80 - create IPUIPlugin
2023-12-13 21:34:08,002 [INFO] PluginManager:220 - loadIPPluginJar : add lorawan
2023-12-13 21:34:08,003 [INFO] IPUIPlugin:80 - create IPUIPlugin
2023-12-13 21:34:08,003 [INFO] PluginManager:220 - loadIPPluginJar : add ltdc
2023-12-13 21:34:08,009 [INFO] IPUIPlugin:80 - create IPUIPlugin
2023-12-13 21:34:08,009 [INFO] PluginManager:220 - loadIPPluginJar : add mdma
2023-12-13 21:34:08,012 [INFO] IPUIPlugin:80 - create IPUIPlugin
2023-12-13 21:34:08,012 [INFO] PluginManager:220 - loadIPPluginJar : add nvic
2023-12-13 21:34:08,014 [INFO] IPUIPlugin:80 - create IPUIPlugin
2023-12-13 21:34:08,014 [INFO] PluginManager:220 - loadIPPluginJar : add opamp
2023-12-13 21:34:08,017 [INFO] IPUIPlugin:80 - create IPUIPlugin
2023-12-13 21:34:08,017 [INFO] PluginManager:220 - loadIPPluginJar : add openamp
2023-12-13 21:34:08,020 [INFO] IPUIPlugin:80 - create IPUIPlugin
2023-12-13 21:34:08,020 [INFO] PluginManager:220 - loadIPPluginJar : add pdm2pcm
2023-12-13 21:34:08,026 [INFO] IPUIPlugin:80 - create IPUIPlugin
2023-12-13 21:34:08,029 [INFO] PluginManager:220 - loadIPPluginJar : add plateformsettings
2023-12-13 21:34:08,030 [INFO] IPUIPlugin:80 - create IPUIPlugin
2023-12-13 21:34:08,030 [INFO] PluginManager:220 - loadIPPluginJar : add quadspi
2023-12-13 21:34:08,033 [INFO] IPUIPlugin:80 - create IPUIPlugin
2023-12-13 21:34:08,033 [INFO] PluginManager:220 - loadIPPluginJar : add resmgrutility
2023-12-13 21:34:08,035 [INFO] IPUIPlugin:80 - create IPUIPlugin
2023-12-13 21:34:08,036 [INFO] PluginManager:220 - loadIPPluginJar : add sai
2023-12-13 21:34:08,038 [INFO] IPUIPlugin:80 - create IPUIPlugin
2023-12-13 21:34:08,038 [INFO] PluginManager:220 - loadIPPluginJar : add spi
2023-12-13 21:34:08,044 [INFO] IPUIPlugin:80 - create IPUIPlugin
2023-12-13 21:34:08,044 [INFO] PluginManager:220 - loadIPPluginJar : add stm32_wpan
2023-12-13 21:34:08,046 [INFO] IPUIPlugin:80 - create IPUIPlugin
2023-12-13 21:34:08,046 [INFO] PluginManager:220 - loadIPPluginJar : add tim
2023-12-13 21:34:08,052 [INFO] IPUIPlugin:80 - create IPUIPlugin
2023-12-13 21:34:08,052 [INFO] PluginManager:220 - loadIPPluginJar : add touchsensing
2023-12-13 21:34:08,054 [INFO] IPUIPlugin:80 - create IPUIPlugin
2023-12-13 21:34:08,054 [INFO] PluginManager:220 - loadIPPluginJar : add tracer_emb
2023-12-13 21:34:08,056 [INFO] IPUIPlugin:80 - create IPUIPlugin
2023-12-13 21:34:08,057 [INFO] PluginManager:220 - loadIPPluginJar : add ts
2023-12-13 21:34:08,059 [INFO] IPUIPlugin:80 - create IPUIPlugin
2023-12-13 21:34:08,059 [INFO] PluginManager:220 - loadIPPluginJar : add tsc
2023-12-13 21:34:08,061 [INFO] IPUIPlugin:80 - create IPUIPlugin
2023-12-13 21:34:08,061 [INFO] PluginManager:220 - loadIPPluginJar : add ucpd
2023-12-13 21:34:08,064 [INFO] IPUIPlugin:80 - create IPUIPlugin
2023-12-13 21:34:08,064 [INFO] PluginManager:220 - loadIPPluginJar : add usart
2023-12-13 21:34:08,068 [INFO] IPUIPlugin:80 - create IPUIPlugin
2023-12-13 21:34:08,068 [INFO] PluginManager:220 - loadIPPluginJar : add usbx
2023-12-13 21:34:08,201 [INFO] CADModel:165 - CPN selected for project level
2023-12-13 21:34:08,201 [INFO] CADModel:114 - Register for checkConnection events
2023-12-13 21:34:08,201 [FATAL] Updater:308 - Updater called before beeing initialized
2023-12-13 21:34:08,201 [ERROR] CADModel:125 - Updater not yet initialized, retry later 
2023-12-13 21:34:08,311 [INFO] CADModel:165 - CPN selected for project level
2023-12-13 21:34:08,311 [INFO] CADModel:114 - Register for checkConnection events
2023-12-13 21:34:08,311 [FATAL] Updater:308 - Updater called before beeing initialized
2023-12-13 21:34:08,311 [ERROR] CADModel:125 - Updater not yet initialized, retry later 
2023-12-13 21:34:08,314 [FATAL] Updater:308 - Updater called before beeing initialized
2023-12-13 21:34:08,410 [FATAL] Updater:308 - Updater called before beeing initialized
2023-12-13 21:34:08,414 [INFO] DbMcusAds:53 - JSON generation date=Wed Nov 29 11:52:27 CET 2023 (1701255147349)
2023-12-13 21:34:08,414 [FATAL] Updater:308 - Updater called before beeing initialized
2023-12-13 21:34:08,443 [WARN] DetailPanel:346 - Failed to get advertising image, set to default
2023-12-13 21:34:08,526 [FATAL] Updater:308 - Updater called before beeing initialized
2023-12-13 21:34:08,528 [FATAL] Updater:308 - Updater called before beeing initialized
2023-12-13 21:34:08,528 [FATAL] Updater:308 - Updater called before beeing initialized
2023-12-13 21:34:08,528 [WARN] DetailPanel:346 - Failed to get advertising image, set to default
2023-12-13 21:34:08,529 [FATAL] Updater:308 - Updater called before beeing initialized
2023-12-13 21:34:08,588 [ERROR] Updater:1120 - MainUpdater not yet initialized. External WinMGr cannot be set.
2023-12-13 21:34:08,589 [INFO] Updater:1056 - Updater Version found : 6.10.0
2023-12-13 21:34:08,604 [INFO] ApplicationProperties:184 - Using Application install path: C:\ST\STM32CubeIDE_1.13.2\STM32CubeIDE\plugins\com.st.stm32cube.common.mx_6.10.0.202311202037
2023-12-13 21:34:10,173 [ERROR] LogOutputStream:75 - [STDERR_REDIRECT] Dec 13, 2023 9:34:10 PM java.util.prefs.WindowsPreferences <init>
2023-12-13 21:34:10,176 [ERROR] LogOutputStream:75 - [STDERR_REDIRECT] WARNING: Could not open/create prefs root node Software\JavaSoft\Prefs at root 0xffffffff80000002. Windows RegCreateKeyEx(...) returned error code 5.
2023-12-13 21:34:10,176 [ERROR] LogOutputStream:75 - [STDERR_REDIRECT] 
2023-12-13 21:34:10,500 [INFO] ThirdPartyUpdaterWithRetryManager:70 - Updater plugin not ready yet. [2/15]
2023-12-13 21:34:10,509 [INFO] MainUpdater:2873 - connection check result : 10
2023-12-13 21:34:10,510 [INFO] MainUpdater:3567 - Updater definition file requires update
2023-12-13 21:34:10,510 [INFO] MainUpdater:290 - Updater Check For Update Now.
2023-12-13 21:34:10,511 [INFO] MicroXplorer:498 - Change Database Version : DB.6.0.100
2023-12-13 21:34:10,518 [INFO] McuFinderGlobals:63 - Set McuFinder mode to 2 (CubeIDE integrated)
2023-12-13 21:34:10,518 [INFO] UserAuth:180 - activating auth plugin
2023-12-13 21:34:10,520 [INFO] UserAuth:404 - Internet connection configuration mode: 1
2023-12-13 21:34:10,528 [INFO] JxBrowserEngine:152 - Initiate JxBrowser Engine with user profile folder
2023-12-13 21:34:10,582 [INFO] ServerAccessManage:473 - Download File updaters.zip
2023-12-13 21:34:10,776 [INFO] FileExtend:240 - Unzip File : updaters.zip
2023-12-13 21:34:10,776 [INFO] FileExtend:255 - Standard Zip Deflate
2023-12-13 21:34:11,096 [INFO] WebApp:161 - Instantiating new browser for Auth
2023-12-13 21:34:11,173 [INFO] ServerAccessManage:473 - Download File PacksControlFlags.xml
2023-12-13 21:34:11,343 [INFO] ServerAccessManage:473 - Download File cubemx.pidx
2023-12-13 21:34:12,106 [INFO] WebApp:780 - Register for checkConnection events
2023-12-13 21:34:12,106 [INFO] WebApp:414 - Apply proxy settings
2023-12-13 21:34:12,106 [INFO] WebApp:499 - Chromium requires no authentication
2023-12-13 21:34:12,115 [INFO] WebApp:442 - Direct internet connection detected
2023-12-13 21:34:12,356 [INFO] WebApp:192 - Starting web application
2023-12-13 21:34:12,356 [INFO] WebApp:544 - Web application path used C:\ST\STM32CubeIDE_1.13.2\STM32CubeIDE\plugins\com.st.stm32cube.common.mx_6.10.0.202311202037\db\plugins\mcufinder\reactClient1\index.html
2023-12-13 21:34:12,608 [INFO] ServerAccessManage:473 - Download File STMicroelectronics.X-CUBE-TOUCHGFX.pdsc
2023-12-13 21:34:13,501 [WARN] MainUpdater:1194 - Updater busy. Cannot search thirdparties
2023-12-13 21:34:13,501 [INFO] ThirdPartyUpdaterWithRetryManager:96 - Updater plugin is busy. [1/15]
2023-12-13 21:34:16,021 [ERROR] ServerAccessManage:1096 - Problem, Http access forbiden
2023-12-13 21:34:16,021 [ERROR] ServerAccessManage:651 - Problem, Http access forbiden : RoweBots.I-CUBE-UNISONRTOS.pdsc.
2023-12-13 21:34:16,126 [ERROR] ServerAccessManage:1172 - Problem during Server Connection :  IO error PKIX path building failed: sun.security.provider.certpath.SunCertPathBuilderException: unable to find valid certification path to requested target
2023-12-13 21:34:16,126 [ERROR] ServerAccessManage:651 - Problem during Server Connection :  : SEGGER.I-CUBE-embOS.pdsc.
2023-12-13 21:34:16,273 [WARN] PackLoader:240 - Cannot read IP mode file for STMicroelectronics.X-CUBE-TOUCHGFX.4.23.0
2023-12-13 21:34:16,274 [INFO] PopulateThirdPartyThread:66 - Ending populate Thread
2023-12-13 21:34:16,276 [INFO] ThirdParty:1030 - CMSIS Pack Vendor :STMicroelectronics X-CUBE-TOUCHGFX 4.23.0
2023-12-13 21:34:16,276 [INFO] LoadServerUpdatesThread:375 - End of LoadServerUpdate Thread
2023-12-13 21:34:16,425 [INFO] CheckServerUpdateThread:120 - End of CheckServer Thread
2023-12-13 21:34:16,596 [WARN] PackLoader:240 - Cannot read IP mode file for STMicroelectronics.X-CUBE-SMBUS.2.1.0
2023-12-13 21:34:16,598 [WARN] PackLoader:240 - Cannot read IP mode file for STMicroelectronics.X-CUBE-TOUCHGFX.4.23.0
2023-12-13 21:34:16,620 [WARN] PackLoader:240 - Cannot read IP mode file for STMicroelectronics.X-CUBE-AZRTOS-F7.1.1.0
2023-12-13 21:34:16,632 [WARN] PackLoader:240 - Cannot read IP mode file for STMicroelectronics.FP-SNS-MOTENV1.4.3.2
2023-12-13 21:34:16,640 [WARN] PackLoader:240 - Cannot read IP mode file for STMicroelectronics.FP-SNS-FLIGHT1.5.0.2
2023-12-13 21:34:16,649 [WARN] PackLoader:240 - Cannot read IP mode file for STMicroelectronics.X-CUBE-DISPLAY.3.0.0
2023-12-13 21:34:16,660 [WARN] PackLoader:240 - Cannot read IP mode file for STMicroelectronics.X-CUBE-BLE1.7.0.0
2023-12-13 21:34:16,665 [WARN] PackLoader:240 - Cannot read IP mode file for emotas.I-CUBE-CANOPEN.1.3.0
2023-12-13 21:34:16,673 [INFO] LogOutputStream:77 - [STDOUT_REDIRECT] 1 : Invalid condition id : UX_CORESTACK_Condition cause : null
2023-12-13 21:34:16,674 [INFO] LogOutputStream:77 - [STDOUT_REDIRECT] 1 : Invalid condition id : UX_CORESTACK_Condition cause : null
2023-12-13 21:34:16,675 [INFO] LogOutputStream:77 - [STDOUT_REDIRECT] 1 : Invalid condition id : UX_CORESTACK_Condition cause : null
2023-12-13 21:34:16,676 [INFO] LogOutputStream:77 - [STDOUT_REDIRECT] 1 : Invalid condition id : UX_CORESTACK_Condition cause : null
2023-12-13 21:34:16,677 [INFO] LogOutputStream:77 - [STDOUT_REDIRECT] 1 : Invalid condition id : UX_CORESTACK_Condition cause : null
2023-12-13 21:34:16,681 [WARN] PackLoader:240 - Cannot read IP mode file for STMicroelectronics.X-CUBE-AZRTOS-WL.2.0.0
2023-12-13 21:34:16,689 [WARN] PackLoader:240 - Cannot read IP mode file for WES.I-CUBE-Cesium.1.3.0
2023-12-13 21:34:16,694 [WARN] PackLoader:240 - Cannot read IP mode file for STMicroelectronics.X-CUBE-BLE2.3.3.0
2023-12-13 21:34:16,699 [WARN] PackLoader:240 - Cannot read IP mode file for STMicroelectronics.X-CUBE-ALGOBUILD.1.3.0
2023-12-13 21:34:16,714 [WARN] PackLoader:240 - Cannot read IP mode file for STMicroelectronics.X-CUBE-AZRTOS-G0.1.1.0
2023-12-13 21:34:16,722 [WARN] PackLoader:240 - Cannot read IP mode file for STMicroelectronics.X-CUBE-NFC4.3.0.0
2023-12-13 21:34:16,724 [INFO] MainUpdater:2873 - connection check result : 10
2023-12-13 21:34:16,727 [WARN] PackLoader:240 - Cannot read IP mode file for STMicroelectronics.FP-ATR-SIGFOX1.3.2.0
2023-12-13 21:34:16,732 [WARN] PackLoader:240 - Cannot read IP mode file for STMicroelectronics.X-CUBE-GNSS1.6.0.0
2023-12-13 21:34:16,766 [WARN] PackLoader:240 - Cannot read IP mode file for STMicroelectronics.X-CUBE-AZRTOS-F4.1.1.0
2023-12-13 21:34:16,800 [WARN] PackLoader:240 - Cannot read IP mode file for wolfSSL.I-CUBE-wolfSSL.5.6.4
2023-12-13 21:34:16,826 [WARN] PackLoader:240 - Cannot read IP mode file for STMicroelectronics.X-CUBE-AZRTOS-L5.2.0.0
2023-12-13 21:34:16,833 [WARN] PackLoader:240 - Cannot read IP mode file for ITTIA_DB.I-CUBE-ITTIADB.8.8.0
2023-12-13 21:34:16,866 [WARN] ConditionMgr:438 - getConditionDescription Invalid condition id : UX DEVICE CLASS RTOS Condition cause : null
2023-12-13 21:34:16,869 [WARN] ConditionMgr:438 - getConditionDescription Invalid condition id : UX DEVICE CLASS RTOS Condition cause : null
2023-12-13 21:34:16,878 [WARN] PackLoader:240 - Cannot read IP mode file for STMicroelectronics.X-CUBE-AZRTOS-H7.3.1.0
2023-12-13 21:34:16,879 [WARN] ConditionMgr:1039 - genDependencies : Invalid condition id : UX DEVICE CLASS RTOS Condition cause : null
2023-12-13 21:34:16,880 [WARN] ConditionMgr:1039 - genDependencies : Invalid condition id : UX DEVICE CLASS RTOS Condition cause : null
2023-12-13 21:34:16,880 [WARN] ConditionMgr:1039 - genDependencies : Invalid condition id : UX DEVICE CLASS RTOS Condition cause : null
2023-12-13 21:34:16,880 [WARN] ConditionMgr:1039 - genDependencies : Invalid condition id : UX DEVICE CLASS RTOS Condition cause : null
2023-12-13 21:34:16,880 [WARN] ConditionMgr:1039 - genDependencies : Invalid condition id : UX DEVICE CLASS RTOS Condition cause : null
2023-12-13 21:34:16,885 [WARN] PackLoader:240 - Cannot read IP mode file for STMicroelectronics.X-CUBE-NFC7.1.0.1
2023-12-13 21:34:16,889 [WARN] PackLoader:240 - Cannot read IP mode file for STMicroelectronics.X-CUBE-AI.8.1.0
2023-12-13 21:34:16,938 [WARN] ConditionMgr:438 - getConditionDescription Invalid condition id : LAN8742 Phy interface Condition cause : null
2023-12-13 21:34:16,938 [WARN] PackLoader:240 - Cannot read IP mode file for STMicroelectronics.X-CUBE-AZRTOS-L4.2.0.0
2023-12-13 21:34:16,939 [WARN] ConditionMgr:1039 - genDependencies : Invalid condition id : LAN8742 Phy interface Condition cause : null
2023-12-13 21:34:16,940 [WARN] ConditionMgr:1039 - genDependencies : Invalid condition id : LAN8742 Phy interface Condition cause : null
2023-12-13 21:34:16,940 [WARN] ConditionMgr:1039 - genDependencies : Invalid condition id : LAN8742 Phy interface Condition cause : null
2023-12-13 21:34:16,949 [WARN] PackLoader:240 - Cannot read IP mode file for STMicroelectronics.X-CUBE-SFXS2LP1.4.0.0
2023-12-13 21:34:16,956 [WARN] PackLoader:240 - Cannot read IP mode file for STMicroelectronics.X-CUBE-ISPU.1.1.0
2023-12-13 21:34:16,970 [WARN] ConditionMgr:438 - getConditionDescription Invalid condition id : UX DEVICE CLASS RTOS Condition cause : null
2023-12-13 21:34:16,971 [WARN] ConditionMgr:438 - getConditionDescription Invalid condition id : UX DEVICE CLASS RTOS Condition cause : null
2023-12-13 21:34:16,973 [WARN] PackLoader:240 - Cannot read IP mode file for STMicroelectronics.X-CUBE-AZRTOS-WB.2.0.0
2023-12-13 21:34:16,973 [WARN] ConditionMgr:1039 - genDependencies : Invalid condition id : UX DEVICE CLASS RTOS Condition cause : null
2023-12-13 21:34:16,973 [WARN] ConditionMgr:1039 - genDependencies : Invalid condition id : UX DEVICE CLASS RTOS Condition cause : null
2023-12-13 21:34:16,976 [WARN] ConditionMgr:1039 - genDependencies : Invalid condition id : UX DEVICE CLASS RTOS Condition cause : null
2023-12-13 21:34:16,976 [WARN] ConditionMgr:1039 - genDependencies : Invalid condition id : UX DEVICE CLASS RTOS Condition cause : null
2023-12-13 21:34:16,976 [WARN] ConditionMgr:1039 - genDependencies : Invalid condition id : UX DEVICE CLASS RTOS Condition cause : null
2023-12-13 21:34:16,984 [WARN] PackLoader:240 - Cannot read IP mode file for STMicroelectronics.X-CUBE-SUBG2.5.0.0
2023-12-13 21:34:17,038 [WARN] PackLoader:240 - Cannot read IP mode file for STMicroelectronics.X-CUBE-TOF1.3.3.1
2023-12-13 21:34:17,056 [WARN] PackLoader:240 - Cannot read IP mode file for STMicroelectronics.X-CUBE-AZRTOS-G4.2.0.0
2023-12-13 21:34:17,068 [WARN] PackLoader:240 - Cannot read IP mode file for Infineon.AIROC-Wi-Fi-Bluetooth-STM32.1.5.1
2023-12-13 21:34:17,074 [WARN] PackLoader:240 - Cannot read IP mode file for STMicroelectronics.FP-SNS-MOTENVWB1.1.3.0
2023-12-13 21:34:17,079 [WARN] PackLoader:240 - Cannot read IP mode file for STMicroelectronics.FP-SNS-MOTENVWB1.1.3.1
2023-12-13 21:34:17,082 [WARN] PackLoader:240 - Cannot read IP mode file for STMicroelectronics.X-CUBE-ISPU.2.0.0
2023-12-13 21:34:17,086 [WARN] PackLoader:240 - Cannot read IP mode file for STMicroelectronics.X-CUBE-FREERTOS.1.1.0
2023-12-13 21:34:17,090 [WARN] PackLoader:240 - Cannot read IP mode file for portGmbH.I-Cube-SoM-uGOAL.1.1.0
2023-12-13 21:34:17,094 [WARN] PackLoader:240 - Cannot read IP mode file for STMicroelectronics.X-CUBE-ALS.1.0.1
2023-12-13 21:34:17,097 [WARN] PackLoader:240 - Cannot read IP mode file for STMicroelectronics.FP-ATR-ASTRA1.2.0.0
2023-12-13 21:34:17,104 [WARN] PackLoader:240 - Cannot read IP mode file for STMicroelectronics.X-CUBE-TOF1.3.4.0
2023-12-13 21:34:17,129 [WARN] PackLoader:240 - Cannot read IP mode file for STMicroelectronics.X-CUBE-AZRTOS-H7.3.2.0
2023-12-13 21:34:17,132 [INFO] ThirdParty:978 - Integrity check success = true
2023-12-13 21:34:17,132 [INFO] IntegrityCheckThread:100 - exiting critical section [integrity check]
2023-12-13 21:34:17,132 [INFO] IntegrityCheckThread:103 - End integrity checks thread
2023-12-13 21:34:17,350 [INFO] ApiDb:581 - Connected to CubeFinder SQLite database (C:\Users\Niko\.stmcufinder\plugins\mcufinder\mcu\cube-finder-db.db)
2023-12-13 21:34:17,406 [INFO] ApiDb:668 - CubeFinder database Data Model version=2.1
2023-12-13 21:34:17,406 [INFO] ApiDb:669 - CubeFinder database Configuration version=3.0.39
2023-12-13 21:34:17,406 [INFO] ApiDb:670 - CubeFinder database generation date=2023-11-06 (1699269565)
2023-12-13 21:34:17,406 [INFO] ApiDb:671 - CubeFinder database FW Pack versions=[FP-ATR-ASTRA1_V2.0.0, FP-SNS-FLIGHT1_V5.0.1, FP-SNS-FLIGHT1_V5.0.2, FP-SNS-MOTENV1_V4.3.1, FP-SNS-MOTENV1_V4.3.2, FP-SNS-MOTENVWB1_V1.3.0, FP-SNS-SMARTAG2_V1.2.0, STM32Cube_FW_C0_V1.1.0, STM32Cube_FW_F4_V1.28.0, STM32Cube_FW_F7_V1.17.0, STM32Cube_FW_G0_V1.6.1, STM32Cube_FW_G4_V1.5.1, STM32Cube_FW_H5_V0.5.1, STM32Cube_FW_H5_V1.1.1, STM32Cube_FW_H5_V1.2.0RC2, STM32Cube_FW_H7_V1.11.0, STM32Cube_FW_L0_V1.12.2, STM32Cube_FW_L5_V1.5.0, STM32Cube_FW_U5_V1.3.0RC4, STM32Cube_FW_U5_V1.4.0, STM32Cube_FW_WBA_V1.0.0RC1, STM32Cube_FW_WBA_V1.1.0RC1, STM32Cube_FW_WBA_V1.2.0, STM32Cube_FW_WBA_V1.2.0RC2, STM32Cube_FW_WB_V1.15.0RC1, STM32Cube_FW_WB_V1.16.0, STM32Cube_FW_WB_V1.16.0RC2, STM32Cube_FW_WB_V1.18.0, STM32Cube_FW_WL_V1.3.0, X-CUBE-ALGOBUILD_V1.3.0, X-CUBE-ALS_V1.0.1, X-CUBE-AZRTOS-F4_V1.1.0, X-CUBE-AZRTOS-F7_V1.1.0, X-CUBE-AZRTOS-G0_V1.1.0, X-CUBE-AZRTOS-G4_V2.0.0, X-CUBE-AZRTOS-H7_V3.1.0, X-CUBE-AZRTOS-L4_V1.0.0, X-CUBE-AZRTOS-L4_V2.0.0, X-CUBE-AZRTOS-L5_V1.1.0, X-CUBE-AZRTOS-WB_V2.0.0, X-CUBE-AZRTOS-WL_V2.0.0, X-CUBE-BLE1_V7.0.0, X-CUBE-BLE2_V3.3.0, X-CUBE-BLEMGR_V2.0.0, X-CUBE-EEPRMA1_V4.1.0, X-CUBE-EEPRMA1_V4.2.0, X-CUBE-FREERTOS_V1.1.0, X-CUBE-GNSS1_V6.0.0, X-CUBE-MEMS1_V10.0.0, X-CUBE-MEMS1_V9.1.0, X-CUBE-MEMS1_V9.4.0, X-CUBE-MEMS1_V9.6.0, X-CUBE-NFC4_V3.0.0, X-CUBE-NFC7_V1.0.1, X-CUBE-SFXS2LP1_V4.0.0, X-CUBE-SUBG2_V5.0.0, X-CUBE-TOF1_V3.3.1]
2023-12-13 21:34:17,484 [INFO] DbBoardsSqlite:226 - include board P-NUCLEO-WB55-NUCLEO as a kit item of type 'Nucleo-64'
2023-12-13 21:34:17,485 [INFO] DbBoardsSqlite:226 - include board P-NUCLEO-WB55-USBDONGLE as a kit item of type 'Nucleo USB Dongle'
2023-12-13 21:34:17,485 [INFO] DbBoardsSqlite:226 - include board STEVAL-IDP005V1 as a kit item of type 'Evaluation Board'
2023-12-13 21:34:17,485 [INFO] DbBoardsSqlite:226 - include board STEVAL-IDP005V2 as a kit item of type 'Evaluation Board'
2023-12-13 21:34:17,533 [INFO] ApiDb:240 - Found 371 in-development CPN: [B-G473E-ZEST1S, B-WB1M-WPAN1, B-WL5M-SUBG1, NUCLEO-C031C6, NUCLEO-H503RB, NUCLEO-H563ZI, NUCLEO-U545RE-Q, NUCLEO-U5A5ZJ-Q, NUCLEO-WBA52CG, NUCLEO-WBA55CG, STEVAL-MKBOXPRO, STEVAL-PROTEUS1, STEVAL-STWINBX1, STM320518-EVAL, STM32C0116-DK, STM32C011D6Y3TR, STM32C011D6Y6TR, STM32C011F4P3, STM32C011F4P6, STM32C011F4U3, STM32C011F4U6TR, STM32C011F6P3, STM32C011F6P6, STM32C011F6U3, STM32C011F6U6TR, STM32C011J4M3, STM32C011J4M6, STM32C011J6M3, STM32C011J6M6, STM32C0316-DK, STM32C031C4T3, STM32C031C4T6, STM32C031C4U3, STM32C031C4U6, STM32C031C6T3, STM32C031C6T6, STM32C031C6U3, STM32C031C6U6, STM32C031F4P3, STM32C031F4P6, STM32C031F6P3, STM32C031F6P6, STM32C031G4U3, STM32C031G4U6, STM32C031G6U3, STM32C031G6U6, STM32C031K4T3, STM32C031K4T6, STM32C031K4U3, STM32C031K4U6, STM32C031K6T3, STM32C031K6T6, STM32C031K6U3, STM32C031K6U6, STM32G071K8TXN, STM32G071K8UXN, STM32G081GBU6N, STM32G081KBT6N, STM32G081KBUXN, STM32G0B1CCT6N, STM32G0B1KCT6, STM32G0B1NEY6TR, STM32G0B1RCT6N, STM32G0C1CCT6, STM32G0C1CCT6N, STM32G0C1CCU6N, STM32G0C1CET6N, STM32G0C1CEU6N, STM32G0C1KCT6, STM32G0C1NEY6TR, STM32G0C1RCI6N, STM32G0C1RCT6N, STM32G0C1REI6N, STM32G0C1RET6N, STM32G0C1VCI6, STM32G0C1VEI6, STM32G471CCT6, STM32G471CCU6, STM32G471CET3, STM32G471CET6, STM32G471CEU3, STM32G471CEU6, STM32G471MCT6, STM32G471MET3, STM32G471MET6, STM32G471MEY6TR, STM32G471QCT6, STM32G471QET3, STM32G471RCT6, STM32G471RET3, STM32G471RET6, STM32G471VCH6, STM32G471VCI6, STM32G471VCT6, STM32G471VEH3, STM32G471VEH6, STM32G471VEI3, STM32G471VEI6, STM32G471VET3, STM32G471VET6, STM32G474CCT6, STM32H503CBT6, STM32H503CBU6, STM32H503EBY6TR, STM32H503KBU6, STM32H503RBT6, STM32H562AGI6, STM32H562AII6, STM32H562IGK6, STM32H562IGT6, STM32H562IIK6, STM32H562IIT6, STM32H562RGT6, STM32H562RGV6, STM32H562RIT6, STM32H562RIV6, STM32H562VGT6, STM32H562VIT6, STM32H562ZGT6, STM32H562ZIT6, STM32H563AGI6, STM32H563AII3Q, STM32H563AII6, STM32H563IGK6, STM32H563IGT6, STM32H563IIK3Q, STM32H563IIK6, STM32H563IIT3Q, STM32H563IIT6, STM32H563MIY3QTR, STM32H563RGT6, STM32H563RGV6, STM32H563RIT6, STM32H563RIV6, STM32H563VGT6, STM32H563VIT3Q, STM32H563VIT6, STM32H563ZGT6, STM32H563ZIT3Q, STM32H563ZIT6, STM32H573AII3Q, STM32H573AII6, STM32H573I-DK, STM32H573IIK3Q, STM32H573IIK6, STM32H573IIT3Q, STM32H573IIT6, STM32H573MIY3QTR, STM32H573RIT6, STM32H573RIV6, STM32H573VIT3Q, STM32H573VIT6, STM32H573ZIT3Q, STM32H573ZIT6, STM32L4R5QGI6STR, STM32MP131AAE3, STM32MP131AAF3, STM32MP131AAG3, STM32MP131CAE3, STM32MP131CAF3, STM32MP131CAG3, STM32MP131DAE7, STM32MP131DAF7, STM32MP131DAG7, STM32MP131FAE7, STM32MP131FAF7, STM32MP131FAG7, STM32MP133AAE3, STM32MP133AAF3, STM32MP133AAG3, STM32MP133CAE3, STM32MP133CAF3, STM32MP133CAG3, STM32MP133DAE7, STM32MP133DAF7, STM32MP133DAG7, STM32MP133FAE7, STM32MP133FAF7, STM32MP133FAG7, STM32MP135AAE3, STM32MP135AAF3, STM32MP135AAG3, STM32MP135CAE3, STM32MP135CAF3, STM32MP135CAG3, STM32MP135DAE7, STM32MP135DAF7, STM32MP135DAG7, STM32MP135F-DK, STM32MP135FAE7, STM32MP135FAF7, STM32MP135FAF7T, STM32MP135FAF7U, STM32MP135FAG7, STM32U535CBT6, STM32U535CBT6Q, STM32U535CBU6, STM32U535CBU6Q, STM32U535CCT6, STM32U535CCT6Q, STM32U535CCU6, STM32U535CCU6Q, STM32U535CET6, STM32U535CET6Q, STM32U535CEU6, STM32U535CEU6Q, STM32U535JEY6QTR, STM32U535NCY6QTR, STM32U535NEY6QTR, STM32U535RBI6, STM32U535RBI6Q, STM32U535RBT6, STM32U535RBT6Q, STM32U535RCI6, STM32U535RCI6Q, STM32U535RCT6, STM32U535RCT6Q, STM32U535REI6, STM32U535REI6Q, STM32U535RET6, STM32U535RET6Q, STM32U535VCI6, STM32U535VCI6Q, STM32U535VCT6, STM32U535VCT6Q, STM32U535VEI6, STM32U535VEI6Q, STM32U535VET6, STM32U535VET6Q, STM32U545CET6, STM32U545CET6Q, STM32U545CEU6, STM32U545CEU6Q, STM32U545JEY6QTR, STM32U545NEY6QTR, STM32U545REI6, STM32U545REI6Q, STM32U545RET6, STM32U545RET6Q, STM32U545VEI6, STM32U545VEI6Q, STM32U545VET6, STM32U545VET6Q, STM32U595AIH6, STM32U595AIH6Q, STM32U595AJH6, STM32U595AJH6Q, STM32U595QII6, STM32U595QII6Q, STM32U595QJI6, STM32U595QJI6Q, STM32U595RIT6, STM32U595RIT6Q, STM32U595RJT6, STM32U595RJT6Q, STM32U595VIT6, STM32U595VIT6Q, STM32U595VJT6, STM32U595VJT6Q, STM32U595ZIT6, STM32U595ZIT6Q, STM32U595ZIY6QTR, STM32U595ZJT6, STM32U595ZJT6Q, STM32U595ZJY6QTR, STM32U599BJY6QTR, STM32U599NIH6Q, STM32U599NJH6Q, STM32U599VIT6Q, STM32U599VJT6, STM32U599VJT6Q, STM32U599ZIT6Q, STM32U599ZIY6QTR, STM32U599ZJT6Q, STM32U599ZJY6QTR, STM32U5A5AJH6, STM32U5A5AJH6Q, STM32U5A5QJI6, STM32U5A5QJI6Q, STM32U5A5RJT6, STM32U5A5RJT6Q, STM32U5A5VJT6, STM32U5A5VJT6Q, STM32U5A5ZJT6, STM32U5A5ZJT6Q, STM32U5A5ZJY6QTR, STM32U5A9BJY6QTR, STM32U5A9J-DK, STM32U5A9NJH6Q, STM32U5A9VJT6Q, STM32U5A9ZJT6Q, STM32U5A9ZJY6QTR, STM32U5F7VIT6, STM32U5F7VIT6Q, STM32U5F7VJT6, STM32U5F7VJT6Q, STM32U5F9BJY6QTR, STM32U5F9NJH6Q, STM32U5F9VIT6Q, STM32U5F9VJT6Q, STM32U5F9ZIJ6QTR, STM32U5F9ZIT6Q, STM32U5F9ZJJ6QTR, STM32U5F9ZJT6Q, STM32U5G7VJT6, STM32U5G7VJT6Q, STM32U5G9BJY6QTR, STM32U5G9J-DK1, STM32U5G9J-DK2, STM32U5G9NJH6Q, STM32U5G9VJT6Q, STM32U5G9ZJJ6QTR, STM32U5G9ZJT6Q, STM32WB1MMCH6, STM32WBA50KEU6, STM32WBA50KEU6TR, STM32WBA50KGU6, STM32WBA50KGU6TR, STM32WBA52CEU6, STM32WBA52CEU6TR, STM32WBA52CEU7, STM32WBA52CEU7TR, STM32WBA52CGU6, STM32WBA52CGU6TR, STM32WBA52CGU6U, STM32WBA52CGU7, STM32WBA52CGU7TR, STM32WBA52KEU6, STM32WBA52KEU6TR, STM32WBA52KGU6, STM32WBA52KGU6TR, STM32WBA54CEU6, STM32WBA54CEU6TR, STM32WBA54CEU7, STM32WBA54CEU7TR, STM32WBA54CGU6, STM32WBA54CGU6TR, STM32WBA54CGU7, STM32WBA54CGU7TR, STM32WBA54KEU6, STM32WBA54KEU6TR, STM32WBA54KEU7, STM32WBA54KEU7TR, STM32WBA54KGU6, STM32WBA54KGU6TR, STM32WBA54KGU7, STM32WBA54KGU7TR, STM32WBA55CEU6, STM32WBA55CEU6TR, STM32WBA55CEU7, STM32WBA55CEU7TR, STM32WBA55CGU6, STM32WBA55CGU6TR, STM32WBA55CGU6U, STM32WBA55CGU7, STM32WBA55CGU7TR, STM32WBA55G-DK1, STM32WBA55HEF6, STM32WBA55HEF7, STM32WBA55HGF6, STM32WBA55HGF7, STM32WBA55UEI6, STM32WBA55UEI6TR, STM32WBA55UEI7, STM32WBA55UEI7TR, STM32WBA55UGI6, STM32WBA55UGI6TR, STM32WBA55UGI7, STM32WBA55UGI7TR, STM32WL5MOCH6, STM32WL5MOCH6TR]
2023-12-13 21:34:17,627 [INFO] BoardInfo:889 - No configuration file found for board P-NUCLEO-WB55
2023-12-13 21:34:17,627 [INFO] DbBoards:161 - Kit is not supported: P-NUCLEO-WB55
2023-12-13 21:34:17,631 [INFO] BoardInfo:889 - No configuration file found for board STEVAL-BFA001V1B
2023-12-13 21:34:17,631 [INFO] DbBoards:161 - Kit is not supported: STEVAL-BFA001V1B
2023-12-13 21:34:17,632 [INFO] BoardInfo:889 - No configuration file found for board STEVAL-BFA001V2B
2023-12-13 21:34:17,632 [INFO] DbBoards:161 - Kit is not supported: STEVAL-BFA001V2B
2023-12-13 21:34:17,738 [INFO] DbBoards:168 - Found 193 boards, 190 are supported
2023-12-13 21:34:17,738 [INFO] DbBoards:169 - Found 193 boards, 3 of them is supported for  Bsp
2023-12-13 21:34:17,741 [INFO] ApiDb:668 - CubeFinder database Data Model version=2.1
2023-12-13 21:34:17,741 [INFO] ApiDb:669 - CubeFinder database Configuration version=3.0.39
2023-12-13 21:34:17,741 [INFO] ApiDb:670 - CubeFinder database generation date=2023-11-06 (1699269565)
2023-12-13 21:34:17,741 [INFO] ApiDb:671 - CubeFinder database FW Pack versions=[FP-ATR-ASTRA1_V2.0.0, FP-SNS-FLIGHT1_V5.0.1, FP-SNS-FLIGHT1_V5.0.2, FP-SNS-MOTENV1_V4.3.1, FP-SNS-MOTENV1_V4.3.2, FP-SNS-MOTENVWB1_V1.3.0, FP-SNS-SMARTAG2_V1.2.0, STM32Cube_FW_C0_V1.1.0, STM32Cube_FW_F4_V1.28.0, STM32Cube_FW_F7_V1.17.0, STM32Cube_FW_G0_V1.6.1, STM32Cube_FW_G4_V1.5.1, STM32Cube_FW_H5_V0.5.1, STM32Cube_FW_H5_V1.1.1, STM32Cube_FW_H5_V1.2.0RC2, STM32Cube_FW_H7_V1.11.0, STM32Cube_FW_L0_V1.12.2, STM32Cube_FW_L5_V1.5.0, STM32Cube_FW_U5_V1.3.0RC4, STM32Cube_FW_U5_V1.4.0, STM32Cube_FW_WBA_V1.0.0RC1, STM32Cube_FW_WBA_V1.1.0RC1, STM32Cube_FW_WBA_V1.2.0, STM32Cube_FW_WBA_V1.2.0RC2, STM32Cube_FW_WB_V1.15.0RC1, STM32Cube_FW_WB_V1.16.0, STM32Cube_FW_WB_V1.16.0RC2, STM32Cube_FW_WB_V1.18.0, STM32Cube_FW_WL_V1.3.0, X-CUBE-ALGOBUILD_V1.3.0, X-CUBE-ALS_V1.0.1, X-CUBE-AZRTOS-F4_V1.1.0, X-CUBE-AZRTOS-F7_V1.1.0, X-CUBE-AZRTOS-G0_V1.1.0, X-CUBE-AZRTOS-G4_V2.0.0, X-CUBE-AZRTOS-H7_V3.1.0, X-CUBE-AZRTOS-L4_V1.0.0, X-CUBE-AZRTOS-L4_V2.0.0, X-CUBE-AZRTOS-L5_V1.1.0, X-CUBE-AZRTOS-WB_V2.0.0, X-CUBE-AZRTOS-WL_V2.0.0, X-CUBE-BLE1_V7.0.0, X-CUBE-BLE2_V3.3.0, X-CUBE-BLEMGR_V2.0.0, X-CUBE-EEPRMA1_V4.1.0, X-CUBE-EEPRMA1_V4.2.0, X-CUBE-FREERTOS_V1.1.0, X-CUBE-GNSS1_V6.0.0, X-CUBE-MEMS1_V10.0.0, X-CUBE-MEMS1_V9.1.0, X-CUBE-MEMS1_V9.4.0, X-CUBE-MEMS1_V9.6.0, X-CUBE-NFC4_V3.0.0, X-CUBE-NFC7_V1.0.1, X-CUBE-SFXS2LP1_V4.0.0, X-CUBE-SUBG2_V5.0.0, X-CUBE-TOF1_V3.3.1]
2023-12-13 21:34:19,621 [INFO] ApiDb:240 - Found 371 in-development CPN: [B-G473E-ZEST1S, B-WB1M-WPAN1, B-WL5M-SUBG1, NUCLEO-C031C6, NUCLEO-H503RB, NUCLEO-H563ZI, NUCLEO-U545RE-Q, NUCLEO-U5A5ZJ-Q, NUCLEO-WBA52CG, NUCLEO-WBA55CG, STEVAL-MKBOXPRO, STEVAL-PROTEUS1, STEVAL-STWINBX1, STM320518-EVAL, STM32C0116-DK, STM32C011D6Y3TR, STM32C011D6Y6TR, STM32C011F4P3, STM32C011F4P6, STM32C011F4U3, STM32C011F4U6TR, STM32C011F6P3, STM32C011F6P6, STM32C011F6U3, STM32C011F6U6TR, STM32C011J4M3, STM32C011J4M6, STM32C011J6M3, STM32C011J6M6, STM32C0316-DK, STM32C031C4T3, STM32C031C4T6, STM32C031C4U3, STM32C031C4U6, STM32C031C6T3, STM32C031C6T6, STM32C031C6U3, STM32C031C6U6, STM32C031F4P3, STM32C031F4P6, STM32C031F6P3, STM32C031F6P6, STM32C031G4U3, STM32C031G4U6, STM32C031G6U3, STM32C031G6U6, STM32C031K4T3, STM32C031K4T6, STM32C031K4U3, STM32C031K4U6, STM32C031K6T3, STM32C031K6T6, STM32C031K6U3, STM32C031K6U6, STM32G071K8TXN, STM32G071K8UXN, STM32G081GBU6N, STM32G081KBT6N, STM32G081KBUXN, STM32G0B1CCT6N, STM32G0B1KCT6, STM32G0B1NEY6TR, STM32G0B1RCT6N, STM32G0C1CCT6, STM32G0C1CCT6N, STM32G0C1CCU6N, STM32G0C1CET6N, STM32G0C1CEU6N, STM32G0C1KCT6, STM32G0C1NEY6TR, STM32G0C1RCI6N, STM32G0C1RCT6N, STM32G0C1REI6N, STM32G0C1RET6N, STM32G0C1VCI6, STM32G0C1VEI6, STM32G471CCT6, STM32G471CCU6, STM32G471CET3, STM32G471CET6, STM32G471CEU3, STM32G471CEU6, STM32G471MCT6, STM32G471MET3, STM32G471MET6, STM32G471MEY6TR, STM32G471QCT6, STM32G471QET3, STM32G471RCT6, STM32G471RET3, STM32G471RET6, STM32G471VCH6, STM32G471VCI6, STM32G471VCT6, STM32G471VEH3, STM32G471VEH6, STM32G471VEI3, STM32G471VEI6, STM32G471VET3, STM32G471VET6, STM32G474CCT6, STM32H503CBT6, STM32H503CBU6, STM32H503EBY6TR, STM32H503KBU6, STM32H503RBT6, STM32H562AGI6, STM32H562AII6, STM32H562IGK6, STM32H562IGT6, STM32H562IIK6, STM32H562IIT6, STM32H562RGT6, STM32H562RGV6, STM32H562RIT6, STM32H562RIV6, STM32H562VGT6, STM32H562VIT6, STM32H562ZGT6, STM32H562ZIT6, STM32H563AGI6, STM32H563AII3Q, STM32H563AII6, STM32H563IGK6, STM32H563IGT6, STM32H563IIK3Q, STM32H563IIK6, STM32H563IIT3Q, STM32H563IIT6, STM32H563MIY3QTR, STM32H563RGT6, STM32H563RGV6, STM32H563RIT6, STM32H563RIV6, STM32H563VGT6, STM32H563VIT3Q, STM32H563VIT6, STM32H563ZGT6, STM32H563ZIT3Q, STM32H563ZIT6, STM32H573AII3Q, STM32H573AII6, STM32H573I-DK, STM32H573IIK3Q, STM32H573IIK6, STM32H573IIT3Q, STM32H573IIT6, STM32H573MIY3QTR, STM32H573RIT6, STM32H573RIV6, STM32H573VIT3Q, STM32H573VIT6, STM32H573ZIT3Q, STM32H573ZIT6, STM32L4R5QGI6STR, STM32MP131AAE3, STM32MP131AAF3, STM32MP131AAG3, STM32MP131CAE3, STM32MP131CAF3, STM32MP131CAG3, STM32MP131DAE7, STM32MP131DAF7, STM32MP131DAG7, STM32MP131FAE7, STM32MP131FAF7, STM32MP131FAG7, STM32MP133AAE3, STM32MP133AAF3, STM32MP133AAG3, STM32MP133CAE3, STM32MP133CAF3, STM32MP133CAG3, STM32MP133DAE7, STM32MP133DAF7, STM32MP133DAG7, STM32MP133FAE7, STM32MP133FAF7, STM32MP133FAG7, STM32MP135AAE3, STM32MP135AAF3, STM32MP135AAG3, STM32MP135CAE3, STM32MP135CAF3, STM32MP135CAG3, STM32MP135DAE7, STM32MP135DAF7, STM32MP135DAG7, STM32MP135F-DK, STM32MP135FAE7, STM32MP135FAF7, STM32MP135FAF7T, STM32MP135FAF7U, STM32MP135FAG7, STM32U535CBT6, STM32U535CBT6Q, STM32U535CBU6, STM32U535CBU6Q, STM32U535CCT6, STM32U535CCT6Q, STM32U535CCU6, STM32U535CCU6Q, STM32U535CET6, STM32U535CET6Q, STM32U535CEU6, STM32U535CEU6Q, STM32U535JEY6QTR, STM32U535NCY6QTR, STM32U535NEY6QTR, STM32U535RBI6, STM32U535RBI6Q, STM32U535RBT6, STM32U535RBT6Q, STM32U535RCI6, STM32U535RCI6Q, STM32U535RCT6, STM32U535RCT6Q, STM32U535REI6, STM32U535REI6Q, STM32U535RET6, STM32U535RET6Q, STM32U535VCI6, STM32U535VCI6Q, STM32U535VCT6, STM32U535VCT6Q, STM32U535VEI6, STM32U535VEI6Q, STM32U535VET6, STM32U535VET6Q, STM32U545CET6, STM32U545CET6Q, STM32U545CEU6, STM32U545CEU6Q, STM32U545JEY6QTR, STM32U545NEY6QTR, STM32U545REI6, STM32U545REI6Q, STM32U545RET6, STM32U545RET6Q, STM32U545VEI6, STM32U545VEI6Q, STM32U545VET6, STM32U545VET6Q, STM32U595AIH6, STM32U595AIH6Q, STM32U595AJH6, STM32U595AJH6Q, STM32U595QII6, STM32U595QII6Q, STM32U595QJI6, STM32U595QJI6Q, STM32U595RIT6, STM32U595RIT6Q, STM32U595RJT6, STM32U595RJT6Q, STM32U595VIT6, STM32U595VIT6Q, STM32U595VJT6, STM32U595VJT6Q, STM32U595ZIT6, STM32U595ZIT6Q, STM32U595ZIY6QTR, STM32U595ZJT6, STM32U595ZJT6Q, STM32U595ZJY6QTR, STM32U599BJY6QTR, STM32U599NIH6Q, STM32U599NJH6Q, STM32U599VIT6Q, STM32U599VJT6, STM32U599VJT6Q, STM32U599ZIT6Q, STM32U599ZIY6QTR, STM32U599ZJT6Q, STM32U599ZJY6QTR, STM32U5A5AJH6, STM32U5A5AJH6Q, STM32U5A5QJI6, STM32U5A5QJI6Q, STM32U5A5RJT6, STM32U5A5RJT6Q, STM32U5A5VJT6, STM32U5A5VJT6Q, STM32U5A5ZJT6, STM32U5A5ZJT6Q, STM32U5A5ZJY6QTR, STM32U5A9BJY6QTR, STM32U5A9J-DK, STM32U5A9NJH6Q, STM32U5A9VJT6Q, STM32U5A9ZJT6Q, STM32U5A9ZJY6QTR, STM32U5F7VIT6, STM32U5F7VIT6Q, STM32U5F7VJT6, STM32U5F7VJT6Q, STM32U5F9BJY6QTR, STM32U5F9NJH6Q, STM32U5F9VIT6Q, STM32U5F9VJT6Q, STM32U5F9ZIJ6QTR, STM32U5F9ZIT6Q, STM32U5F9ZJJ6QTR, STM32U5F9ZJT6Q, STM32U5G7VJT6, STM32U5G7VJT6Q, STM32U5G9BJY6QTR, STM32U5G9J-DK1, STM32U5G9J-DK2, STM32U5G9NJH6Q, STM32U5G9VJT6Q, STM32U5G9ZJJ6QTR, STM32U5G9ZJT6Q, STM32WB1MMCH6, STM32WBA50KEU6, STM32WBA50KEU6TR, STM32WBA50KGU6, STM32WBA50KGU6TR, STM32WBA52CEU6, STM32WBA52CEU6TR, STM32WBA52CEU7, STM32WBA52CEU7TR, STM32WBA52CGU6, STM32WBA52CGU6TR, STM32WBA52CGU6U, STM32WBA52CGU7, STM32WBA52CGU7TR, STM32WBA52KEU6, STM32WBA52KEU6TR, STM32WBA52KGU6, STM32WBA52KGU6TR, STM32WBA54CEU6, STM32WBA54CEU6TR, STM32WBA54CEU7, STM32WBA54CEU7TR, STM32WBA54CGU6, STM32WBA54CGU6TR, STM32WBA54CGU7, STM32WBA54CGU7TR, STM32WBA54KEU6, STM32WBA54KEU6TR, STM32WBA54KEU7, STM32WBA54KEU7TR, STM32WBA54KGU6, STM32WBA54KGU6TR, STM32WBA54KGU7, STM32WBA54KGU7TR, STM32WBA55CEU6, STM32WBA55CEU6TR, STM32WBA55CEU7, STM32WBA55CEU7TR, STM32WBA55CGU6, STM32WBA55CGU6TR, STM32WBA55CGU6U, STM32WBA55CGU7, STM32WBA55CGU7TR, STM32WBA55G-DK1, STM32WBA55HEF6, STM32WBA55HEF7, STM32WBA55HGF6, STM32WBA55HGF7, STM32WBA55UEI6, STM32WBA55UEI6TR, STM32WBA55UEI7, STM32WBA55UEI7TR, STM32WBA55UGI6, STM32WBA55UGI6TR, STM32WBA55UGI7, STM32WBA55UGI7TR, STM32WL5MOCH6, STM32WL5MOCH6TR]
2023-12-13 21:34:19,625 [INFO] DbMcus:218 - Found 3930 MCUs, 3930 are supported
2023-12-13 21:34:19,626 [INFO] ApiDb:423 - Load user favorites file C:\Users\Niko/.stm32cubeide/favorites.mcus.txt: 1 item(s)
2023-12-13 21:34:19,626 [INFO] ApiDb:427 - User favorites MCUs=[STM32F411CEU6]
2023-12-13 21:34:19,626 [INFO] DbMcus:224 - Set 1 / 1 favorites MCUs
2023-12-13 21:34:19,788 [INFO] ApiDb:423 - Load user favorites file C:\Users\Niko/.stm32cubeide/favorites.boards.txt: 0 item(s)
2023-12-13 21:34:19,788 [INFO] ApiDb:427 - User favorites Boards=[]
2023-12-13 21:34:19,788 [INFO] DbBoards:198 - Set 0 / 0 favorites Boards
2023-12-13 21:34:19,788 [INFO] McuFinderGlobals:76 - Set McuFinderConnectedMode to true
2023-12-13 21:34:19,793 [INFO] MultiScanPanel:200 - Auto-refresh data requested => check proxy status ongoing
2023-12-13 21:34:19,795 [INFO] FinderPluginLoader:95 - Searching for filters in installed packs
2023-12-13 21:34:21,045 [INFO] LoadUrlFilesThread:185 - End of LoadServerUrlFiles without Thread
2023-12-13 21:34:21,055 [INFO] DetailPanel:341 - Set advertising image to C:/Users/Niko/STM32Cube/Repository/\en.prom-stm32wl3-mcu-finder.jpg
2023-12-13 21:34:32,960 [ERROR] LogOutputStream:75 - [STDERR_REDIRECT] SLF4J: Failed to load class "org.slf4j.impl.StaticLoggerBinder".
2023-12-13 21:34:32,961 [ERROR] LogOutputStream:75 - [STDERR_REDIRECT] SLF4J: Defaulting to no-operation (NOP) logger implementation
2023-12-13 21:34:32,962 [ERROR] LogOutputStream:75 - [STDERR_REDIRECT] SLF4J: See http://www.slf4j.org/codes.html#StaticLoggerBinder for further details.
2023-12-13 21:34:41,586 [INFO] MainUpdater:2873 - connection check result : 10
2023-12-13 21:34:41,586 [INFO] MainUpdater:2873 - connection check result : 10
2023-12-13 21:34:41,601 [INFO] MicroXplorer:468 - Change Database Path : 
2023-12-13 21:34:41,601 [INFO] MicroXplorer:498 - Change Database Version : DB.6.0.100
2023-12-13 21:34:41,607 [WARN] ThirdParty:871 - waiting for thirdparty lock release [close project]
2023-12-13 21:34:41,607 [INFO] ThirdParty:873 - entering critical section [close project]
2023-12-13 21:34:41,610 [INFO] ThirdParty:883 - exiting critical section [close project]
2023-12-13 21:34:41,624 [INFO] PinOutPanel:1499 - setPackage(No Configuration,No Configuration)
2023-12-13 21:34:41,633 [INFO] UtilMem:75 - Begin LoadConfig() Used Memory: 330226984 Bytes (393216000)
2023-12-13 21:34:41,634 [INFO] MicroXplorer:468 - Change Database Path : 
2023-12-13 21:34:41,634 [INFO] MicroXplorer:498 - Change Database Version : DB.6.0.100
2023-12-13 21:34:41,634 [INFO] OpenFileManager:312 - Change cursor
2023-12-13 21:34:41,728 [INFO] Mcu:2016 - Initializing MCU STM32F411C(C-E)Ux STM32F411CEUx STM32F411CEU6
2023-12-13 21:34:43,503 [INFO] Context:659 - Trying to add GPIOservice into a context  which must be forbidden
2023-12-13 21:34:44,027 [INFO] RtosManager:555 - Registered RTOS mode: class=CMSIS, group=RTOS, mode=CMSIS_V1, owner=FREERTOS
2023-12-13 21:34:44,027 [INFO] RtosManager:555 - Registered RTOS mode: class=CMSIS, group=RTOS2, mode=CMSIS_V2, owner=FREERTOS
2023-12-13 21:34:44,027 [INFO] RtosManager:555 - Registered RTOS mode: class=RTOS, group=Core, mode=CMSIS_V1, owner=FREERTOS
2023-12-13 21:34:44,027 [INFO] RtosManager:555 - Registered RTOS mode: class=RTOS, group=Core, mode=CMSIS_V2, owner=FREERTOS
2023-12-13 21:34:44,027 [WARN] ModelIntegratedComponent:184 - Missing modes for component STMicroelectronics:FreeRTOS:0.0.1:STMicroelectronics:RTOS:FreeRTOS:Core:::10.2.0:
2023-12-13 21:34:44,033 [WARN] ModelIntegratedComponent:182 - Modes not found for component STMicroelectronics:USB_HOST:1.0.0:STMicroelectronics:USB::USB Host:Audio HS::1.0:USB_HOST_1_0_RESTRICTED_HS
2023-12-13 21:34:44,033 [WARN] ModelIntegratedComponent:188 - Modes not found for component STMicroelectronics:USB_HOST:1.0.0:STMicroelectronics:USB::USB Host:Audio HS::1.0:USB_HOST_1_0_RESTRICTED_HS
2023-12-13 21:34:44,034 [WARN] ModelIntegratedComponent:182 - Modes not found for component STMicroelectronics:USB_HOST:1.0.0:STMicroelectronics:USB::USB Host:CDC HS::1.0:USB_HOST_1_0_RESTRICTED_HS
2023-12-13 21:34:44,034 [WARN] ModelIntegratedComponent:188 - Modes not found for component STMicroelectronics:USB_HOST:1.0.0:STMicroelectronics:USB::USB Host:CDC HS::1.0:USB_HOST_1_0_RESTRICTED_HS
2023-12-13 21:34:44,034 [WARN] ModelIntegratedComponent:182 - Modes not found for component STMicroelectronics:USB_HOST:1.0.0:STMicroelectronics:USB::USB Host:MSC HS::1.0:USB_HOST_1_0_RESTRICTED_HS
2023-12-13 21:34:44,034 [WARN] ModelIntegratedComponent:188 - Modes not found for component STMicroelectronics:USB_HOST:1.0.0:STMicroelectronics:USB::USB Host:MSC HS::1.0:USB_HOST_1_0_RESTRICTED_HS
2023-12-13 21:34:44,034 [WARN] ModelIntegratedComponent:182 - Modes not found for component STMicroelectronics:USB_HOST:1.0.0:STMicroelectronics:USB::USB Host:HID HS::1.0:USB_HOST_1_0_RESTRICTED_HS
2023-12-13 21:34:44,034 [WARN] ModelIntegratedComponent:188 - Modes not found for component STMicroelectronics:USB_HOST:1.0.0:STMicroelectronics:USB::USB Host:HID HS::1.0:USB_HOST_1_0_RESTRICTED_HS
2023-12-13 21:34:44,034 [WARN] ModelIntegratedComponent:182 - Modes not found for component STMicroelectronics:USB_HOST:1.0.0:STMicroelectronics:USB::USB Host:MTP HS::1.0:USB_HOST_1_0_RESTRICTED_HS
2023-12-13 21:34:44,034 [WARN] ModelIntegratedComponent:188 - Modes not found for component STMicroelectronics:USB_HOST:1.0.0:STMicroelectronics:USB::USB Host:MTP HS::1.0:USB_HOST_1_0_RESTRICTED_HS
2023-12-13 21:34:44,049 [WARN] ModelIntegratedComponent:63 - No mode defined for component null
2023-12-13 21:34:44,049 [WARN] ModelIntegratedComponent:63 - No mode defined for component null
2023-12-13 21:34:44,049 [WARN] ModelIntegratedComponent:63 - No mode defined for component null
2023-12-13 21:34:44,049 [WARN] ModelIntegratedComponent:63 - No mode defined for component null
2023-12-13 21:34:44,050 [WARN] ModelIntegratedComponent:63 - No mode defined for component null
2023-12-13 21:34:44,050 [WARN] ModelIntegratedComponent:63 - No mode defined for component null
2023-12-13 21:34:44,050 [WARN] ModelIntegratedComponent:63 - No mode defined for component null
2023-12-13 21:34:44,050 [WARN] ModelIntegratedComponent:63 - No mode defined for component null
2023-12-13 21:34:44,050 [WARN] ModelIntegratedComponent:63 - No mode defined for component null
2023-12-13 21:34:44,050 [WARN] ModelIntegratedComponent:63 - No mode defined for component null
2023-12-13 21:34:44,050 [WARN] ModelIntegratedComponent:63 - No mode defined for component null
2023-12-13 21:34:44,050 [WARN] ModelIntegratedComponent:63 - No mode defined for component null
2023-12-13 21:34:44,050 [WARN] ModelIntegratedComponent:63 - No mode defined for component null
2023-12-13 21:34:44,050 [WARN] ModelIntegratedComponent:63 - No mode defined for component null
2023-12-13 21:34:44,050 [WARN] ModelIntegratedComponent:63 - No mode defined for component null
2023-12-13 21:34:44,050 [WARN] ModelIntegratedComponent:63 - No mode defined for component null
2023-12-13 21:34:44,050 [WARN] ModelIntegratedComponent:63 - No mode defined for component null
2023-12-13 21:34:44,050 [WARN] ModelIntegratedComponent:63 - No mode defined for component null
2023-12-13 21:34:44,050 [WARN] ModelIntegratedComponent:63 - No mode defined for component null
2023-12-13 21:34:44,050 [WARN] ModelIntegratedComponent:63 - No mode defined for component null
2023-12-13 21:34:44,050 [WARN] ModelIntegratedComponent:63 - No mode defined for component null
2023-12-13 21:34:44,050 [WARN] ModelIntegratedComponent:63 - No mode defined for component null
2023-12-13 21:34:44,050 [WARN] ModelIntegratedComponent:63 - No mode defined for component null
2023-12-13 21:34:44,050 [WARN] ModelIntegratedComponent:63 - No mode defined for component null
2023-12-13 21:34:44,051 [WARN] ModelIntegratedComponent:63 - No mode defined for component null
2023-12-13 21:34:44,051 [WARN] ModelIntegratedComponent:63 - No mode defined for component null
2023-12-13 21:34:44,051 [WARN] ModelIntegratedComponent:63 - No mode defined for component null
2023-12-13 21:34:44,051 [WARN] ModelIntegratedComponent:63 - No mode defined for component null
2023-12-13 21:34:44,051 [WARN] ModelIntegratedComponent:63 - No mode defined for component null
2023-12-13 21:34:44,051 [WARN] ModelIntegratedComponent:63 - No mode defined for component null
2023-12-13 21:34:44,051 [WARN] ModelIntegratedComponent:63 - No mode defined for component null
2023-12-13 21:34:44,051 [WARN] ModelIntegratedComponent:63 - No mode defined for component null
2023-12-13 21:34:44,051 [WARN] ModelIntegratedComponent:63 - No mode defined for component null
2023-12-13 21:34:44,068 [WARN] ModelIntegratedComponent:182 - Modes not found for component STMicroelectronics:USB_DEVICE:1.0.0:STMicroelectronics:USB::USB Device:Audio HS::1.0:USB_DEVICE_1_0_RESTRICTED_HS
2023-12-13 21:34:44,068 [WARN] ModelIntegratedComponent:188 - Modes not found for component STMicroelectronics:USB_DEVICE:1.0.0:STMicroelectronics:USB::USB Device:Audio HS::1.0:USB_DEVICE_1_0_RESTRICTED_HS
2023-12-13 21:34:44,069 [WARN] ModelIntegratedComponent:182 - Modes not found for component STMicroelectronics:USB_DEVICE:1.0.0:STMicroelectronics:USB::USB Device:CDC HS::1.0:USB_DEVICE_1_0_RESTRICTED_HS
2023-12-13 21:34:44,069 [WARN] ModelIntegratedComponent:188 - Modes not found for component STMicroelectronics:USB_DEVICE:1.0.0:STMicroelectronics:USB::USB Device:CDC HS::1.0:USB_DEVICE_1_0_RESTRICTED_HS
2023-12-13 21:34:44,069 [WARN] ModelIntegratedComponent:182 - Modes not found for component STMicroelectronics:USB_DEVICE:1.0.0:STMicroelectronics:USB::USB Device:DFU HS::1.0:USB_DEVICE_1_0_RESTRICTED_HS
2023-12-13 21:34:44,069 [WARN] ModelIntegratedComponent:188 - Modes not found for component STMicroelectronics:USB_DEVICE:1.0.0:STMicroelectronics:USB::USB Device:DFU HS::1.0:USB_DEVICE_1_0_RESTRICTED_HS
2023-12-13 21:34:44,069 [WARN] ModelIntegratedComponent:182 - Modes not found for component STMicroelectronics:USB_DEVICE:1.0.0:STMicroelectronics:USB::USB Device:HID HS::1.0:USB_DEVICE_1_0_RESTRICTED_HS
2023-12-13 21:34:44,069 [WARN] ModelIntegratedComponent:188 - Modes not found for component STMicroelectronics:USB_DEVICE:1.0.0:STMicroelectronics:USB::USB Device:HID HS::1.0:USB_DEVICE_1_0_RESTRICTED_HS
2023-12-13 21:34:44,069 [WARN] ModelIntegratedComponent:182 - Modes not found for component STMicroelectronics:USB_DEVICE:1.0.0:STMicroelectronics:USB::USB Device:Custom HID HS::1.0:USB_DEVICE_1_0_RESTRICTED_HS
2023-12-13 21:34:44,069 [WARN] ModelIntegratedComponent:188 - Modes not found for component STMicroelectronics:USB_DEVICE:1.0.0:STMicroelectronics:USB::USB Device:Custom HID HS::1.0:USB_DEVICE_1_0_RESTRICTED_HS
2023-12-13 21:34:44,069 [WARN] ModelIntegratedComponent:182 - Modes not found for component STMicroelectronics:USB_DEVICE:1.0.0:STMicroelectronics:USB::USB Device:MSC HS::1.0:USB_DEVICE_1_0_RESTRICTED_HS
2023-12-13 21:34:44,069 [WARN] ModelIntegratedComponent:188 - Modes not found for component STMicroelectronics:USB_DEVICE:1.0.0:STMicroelectronics:USB::USB Device:MSC HS::1.0:USB_DEVICE_1_0_RESTRICTED_HS
2023-12-13 21:34:44,086 [INFO] ThirdPartyModel:298 - Start build external matchings
2023-12-13 21:34:44,216 [INFO] ThirdPartyModel:316 - End build external matchings
2023-12-13 21:34:44,227 [INFO] ImportTextPane:194 - (OptionalMessage_ERROR) IP (DMA) : Parameter (Instance) has Id (ADC1) currently not set
2023-12-13 21:34:44,227 [INFO] ImportTextPane:194 - (OptionalMessage_ERROR) IP (DMA) : Parameter (Channel) has Id (ADC1) currently not set
2023-12-13 21:34:44,227 [INFO] ImportTextPane:194 - (OptionalMessage_ERROR) IP (DMA) : Parameter (Direction) has Id (ADC1) currently not set
2023-12-13 21:34:44,227 [INFO] ImportTextPane:194 - (OptionalMessage_ERROR) IP (DMA) : Parameter (PeriphInc) has Id (ADC1) currently not set
2023-12-13 21:34:44,227 [INFO] ImportTextPane:194 - (OptionalMessage_ERROR) IP (DMA) : Parameter (MemInc) has Id (ADC1) currently not set
2023-12-13 21:34:44,228 [INFO] ImportTextPane:194 - (OptionalMessage_ERROR) IP (DMA) : Parameter (PeriphDataAlignment) has Id (ADC1) currently not set
2023-12-13 21:34:44,228 [INFO] ImportTextPane:194 - (OptionalMessage_ERROR) IP (DMA) : Parameter (MemDataAlignment) has Id (ADC1) currently not set
2023-12-13 21:34:44,228 [INFO] ImportTextPane:194 - (OptionalMessage_ERROR) IP (DMA) : Parameter (Mode) has Id (ADC1) currently not set
2023-12-13 21:34:44,228 [INFO] ImportTextPane:194 - (OptionalMessage_ERROR) IP (DMA) : Parameter (Priority) has Id (ADC1) currently not set
2023-12-13 21:34:44,228 [INFO] ImportTextPane:194 - (OptionalMessage_ERROR) IP (DMA) : Parameter (FIFOMode) has Id (ADC1) currently not set
2023-12-13 21:34:44,555 [INFO] UtilMem:75 - End LoadConfig() Used Memory: 308481184 Bytes (772800512)
2023-12-13 21:34:44,734 [INFO] MicroXplorer:468 - Change Database Path : 
2023-12-13 21:34:44,734 [INFO] MicroXplorer:498 - Change Database Version : DB.6.0.100
2023-12-13 21:34:44,734 [WARN] ThirdParty:833 - waiting for thirdparty lock release [change project]
2023-12-13 21:34:44,735 [INFO] ThirdParty:835 - entering critical section [change project]
2023-12-13 21:34:44,735 [INFO] ThirdParty:1030 - CMSIS Pack Vendor :STMicroelectronics X-CUBE-ISPU 1.1.0
2023-12-13 21:34:44,735 [INFO] ThirdParty:1030 - CMSIS Pack Vendor :STMicroelectronics USBPD 4.1
2023-12-13 21:34:44,735 [INFO] ThirdParty:1030 - CMSIS Pack Vendor :STMicroelectronics X-CUBE-GNSS1 6.0.0
2023-12-13 21:34:44,735 [INFO] ThirdParty:1030 - CMSIS Pack Vendor :STMicroelectronics USB_HOST 2.0.0
2023-12-13 21:34:44,735 [INFO] ThirdParty:1030 - CMSIS Pack Vendor :STMicroelectronics X-CUBE-AZRTOS-F4 1.1.0
2023-12-13 21:34:44,735 [INFO] ThirdParty:1030 - CMSIS Pack Vendor :STMicroelectronics LIBJPEG 8.0.0
2023-12-13 21:34:44,735 [INFO] ThirdParty:1030 - CMSIS Pack Vendor :wolfSSL I-CUBE-wolfSSL 5.6.4
2023-12-13 21:34:44,735 [INFO] ThirdParty:1030 - CMSIS Pack Vendor :STMicroelectronics X-CUBE-SMBUS 2.1.0
2023-12-13 21:34:44,735 [INFO] ThirdParty:1030 - CMSIS Pack Vendor :STMicroelectronics USB_DEVICE 3.0.0
2023-12-13 21:34:44,735 [INFO] ThirdParty:1030 - CMSIS Pack Vendor :STMicroelectronics X-CUBE-AZRTOS-WB 2.0.0
2023-12-13 21:34:44,735 [INFO] ThirdParty:1030 - CMSIS Pack Vendor :STMicroelectronics X-CUBE-TOUCHGFX 4.23.0
2023-12-13 21:34:44,735 [INFO] ThirdParty:1030 - CMSIS Pack Vendor :STMicroelectronics X-CUBE-AZRTOS-F7 1.1.0
2023-12-13 21:34:44,735 [INFO] ThirdParty:1030 - CMSIS Pack Vendor :STMicroelectronics X-CUBE-AZRTOS-L5 2.0.0
2023-12-13 21:34:44,735 [INFO] ThirdParty:1030 - CMSIS Pack Vendor :STMicroelectronics USB_DEVICE 2.0.0
2023-12-13 21:34:44,735 [INFO] ThirdParty:1030 - CMSIS Pack Vendor :ITTIA_DB I-CUBE-ITTIADB 8.8.0
2023-12-13 21:34:44,736 [INFO] ThirdParty:1030 - CMSIS Pack Vendor :STMicroelectronics FP-SNS-MOTENV1 4.3.2
2023-12-13 21:34:44,736 [INFO] ThirdParty:1030 - CMSIS Pack Vendor :STMicroelectronics X-CUBE-ALGOBUILD 1.3.0
2023-12-13 21:34:44,736 [INFO] ThirdParty:1030 - CMSIS Pack Vendor :STMicroelectronics FreeRTOS 0.0.1
2023-12-13 21:34:44,736 [INFO] ThirdParty:1030 - CMSIS Pack Vendor :STMicroelectronics X-CUBE-AZRTOS-G0 1.1.0
2023-12-13 21:34:44,736 [INFO] ThirdParty:1030 - CMSIS Pack Vendor :STMicroelectronics X-CUBE-NFC4 3.0.0
2023-12-13 21:34:44,736 [INFO] ThirdParty:1030 - CMSIS Pack Vendor :STMicroelectronics X-CUBE-SUBG2 5.0.0
2023-12-13 21:34:44,736 [INFO] ThirdParty:1030 - CMSIS Pack Vendor :STMicroelectronics STM32_WPAN 1.0.0
2023-12-13 21:34:44,736 [INFO] ThirdParty:1030 - CMSIS Pack Vendor :STMicroelectronics lwIP 2.0.3
2023-12-13 21:34:44,736 [INFO] ThirdParty:1030 - CMSIS Pack Vendor :STMicroelectronics FP-SNS-FLIGHT1 5.0.2
2023-12-13 21:34:44,736 [INFO] ThirdParty:1030 - CMSIS Pack Vendor :STMicroelectronics USB_HOST 1.0.0
2023-12-13 21:34:44,736 [INFO] ThirdParty:1030 - CMSIS Pack Vendor :STMicroelectronics X-CUBE-TOF1 3.3.1
2023-12-13 21:34:44,736 [INFO] ThirdParty:1030 - CMSIS Pack Vendor :STMicroelectronics X-CUBE-AZRTOS-G4 2.0.0
2023-12-13 21:34:44,736 [INFO] ThirdParty:1030 - CMSIS Pack Vendor :STMicroelectronics PDM2PCM 3.1.0
2023-12-13 21:34:44,736 [INFO] ThirdParty:1030 - CMSIS Pack Vendor :STMicroelectronics X-CUBE-AZRTOS-H7 3.1.0
2023-12-13 21:34:44,736 [INFO] ThirdParty:1030 - CMSIS Pack Vendor :Infineon AIROC-Wi-Fi-Bluetooth-STM32 1.5.1
2023-12-13 21:34:44,736 [INFO] ThirdParty:1030 - CMSIS Pack Vendor :STMicroelectronics PDM2PCM 3.3.0
2023-12-13 21:34:44,736 [INFO] ThirdParty:1030 - CMSIS Pack Vendor :STMicroelectronics X-CUBE-DISPLAY 3.0.0
2023-12-13 21:34:44,736 [INFO] ThirdParty:1030 - CMSIS Pack Vendor :STMicroelectronics FP-SNS-MOTENVWB1 1.3.0
2023-12-13 21:34:44,736 [INFO] ThirdParty:1030 - CMSIS Pack Vendor :STMicroelectronics FP-SNS-MOTENVWB1 1.3.1
2023-12-13 21:34:44,736 [INFO] ThirdParty:1030 - CMSIS Pack Vendor :STMicroelectronics X-CUBE-BLE1 7.0.0
2023-12-13 21:34:44,736 [INFO] ThirdParty:1030 - CMSIS Pack Vendor :STMicroelectronics FP-ATR-SIGFOX1 3.2.0
2023-12-13 21:34:44,736 [INFO] ThirdParty:1030 - CMSIS Pack Vendor :STMicroelectronics X-CUBE-ISPU 2.0.0
2023-12-13 21:34:44,737 [INFO] ThirdParty:1030 - CMSIS Pack Vendor :STMicroelectronics HAL Drivers 0.0.0
2023-12-13 21:34:44,737 [INFO] ThirdParty:1030 - CMSIS Pack Vendor :STMicroelectronics MBEDTLS 2.16.2
2023-12-13 21:34:44,737 [INFO] ThirdParty:1030 - CMSIS Pack Vendor :emotas I-CUBE-CANOPEN 1.3.0
2023-12-13 21:34:44,737 [INFO] ThirdParty:1030 - CMSIS Pack Vendor :STMicroelectronics X-CUBE-FREERTOS 1.1.0
2023-12-13 21:34:44,737 [INFO] ThirdParty:1030 - CMSIS Pack Vendor :STMicroelectronics X-CUBE-NFC7 1.0.1
2023-12-13 21:34:44,737 [INFO] ThirdParty:1030 - CMSIS Pack Vendor :STMicroelectronics MBEDTLS 2.14.1
2023-12-13 21:34:44,737 [INFO] ThirdParty:1030 - CMSIS Pack Vendor :portGmbH I-Cube-SoM-uGOAL 1.1.0
2023-12-13 21:34:44,737 [INFO] ThirdParty:1030 - CMSIS Pack Vendor :STMicroelectronics X-CUBE-ALS 1.0.1
2023-12-13 21:34:44,737 [INFO] ThirdParty:1030 - CMSIS Pack Vendor :STMicroelectronics ThreadX 1.0.0
2023-12-13 21:34:44,737 [INFO] ThirdParty:1030 - CMSIS Pack Vendor :STMicroelectronics X-CUBE-AZRTOS-WL 2.0.0
2023-12-13 21:34:44,737 [INFO] ThirdParty:1030 - CMSIS Pack Vendor :STMicroelectronics USB_DEVICE 1.0.0
2023-12-13 21:34:44,737 [INFO] ThirdParty:1030 - CMSIS Pack Vendor :STMicroelectronics X-CUBE-AI 8.1.0
2023-12-13 21:34:44,737 [INFO] ThirdParty:1030 - CMSIS Pack Vendor :STMicroelectronics X-CUBE-AZRTOS-L4 2.0.0
2023-12-13 21:34:44,737 [INFO] ThirdParty:1030 - CMSIS Pack Vendor :STMicroelectronics ThreadX 0.0.2
2023-12-13 21:34:44,737 [INFO] ThirdParty:1030 - CMSIS Pack Vendor :WES I-CUBE-Cesium 1.3.0
2023-12-13 21:34:44,737 [INFO] ThirdParty:1030 - CMSIS Pack Vendor :STMicroelectronics FP-ATR-ASTRA1 2.0.0
2023-12-13 21:34:44,737 [INFO] ThirdParty:1030 - CMSIS Pack Vendor :STMicroelectronics lwIP 2.1.2
2023-12-13 21:34:44,737 [INFO] ThirdParty:1030 - CMSIS Pack Vendor :STMicroelectronics X-CUBE-SFXS2LP1 4.0.0
2023-12-13 21:34:44,737 [INFO] ThirdParty:1030 - CMSIS Pack Vendor :STMicroelectronics X-CUBE-BLE2 3.3.0
2023-12-13 21:34:44,737 [INFO] ThirdParty:1030 - CMSIS Pack Vendor :STMicroelectronics X-CUBE-TOF1 3.4.0
2023-12-13 21:34:44,738 [INFO] ThirdParty:1030 - CMSIS Pack Vendor :STMicroelectronics X-CUBE-AZRTOS-H7 3.2.0
2023-12-13 21:34:44,738 [INFO] ThirdParty:1030 - CMSIS Pack Vendor :STMicroelectronics PDM2PCM 3.2.0
2023-12-13 21:34:44,738 [INFO] ThirdParty:841 - exiting critical section [change project]
2023-12-13 21:34:45,151 [INFO] PinOutPanel:1499 - setPackage(No Configuration,No Configuration)
2023-12-13 21:34:45,153 [INFO] PinOutPanel:1499 - setPackage(STM32F411CEUx,UFQFPN48)
2023-12-13 21:34:45,621 [INFO] UtilMem:75 - Before build in PCC Used Memory: 441834664 Bytes (772800512)
2023-12-13 21:34:46,151 [INFO] UtilMem:75 - After build in PCC Used Memory: 521528488 Bytes (772800512)
2023-12-13 21:34:46,176 [INFO] IPUIPlugin:80 - create IPUIPlugin
2023-12-13 21:34:46,176 [INFO] IPUIPlugin:80 - create IPUIPlugin
2023-12-13 21:34:46,176 [INFO] IPUIPlugin:80 - create IPUIPlugin
2023-12-13 21:34:46,176 [INFO] IPUIPlugin:80 - create IPUIPlugin
2023-12-13 21:34:46,176 [INFO] IPUIPlugin:80 - create IPUIPlugin
2023-12-13 21:34:46,177 [INFO] IPUIPlugin:80 - create IPUIPlugin
2023-12-13 21:34:46,177 [INFO] IPUIPlugin:80 - create IPUIPlugin
2023-12-13 21:34:46,177 [INFO] IPUIPlugin:80 - create IPUIPlugin
2023-12-13 21:34:46,177 [INFO] IPUIPlugin:80 - create IPUIPlugin
2023-12-13 21:34:46,177 [INFO] IPUIPlugin:80 - create IPUIPlugin
2023-12-13 21:34:46,177 [INFO] IPUIPlugin:80 - create IPUIPlugin
2023-12-13 21:34:46,178 [INFO] IPUIPlugin:80 - create IPUIPlugin
2023-12-13 21:34:46,178 [INFO] IPUIPlugin:80 - create IPUIPlugin
2023-12-13 21:34:46,178 [INFO] IPUIPlugin:80 - create IPUIPlugin
2023-12-13 21:34:46,178 [INFO] IPUIPlugin:80 - create IPUIPlugin
2023-12-13 21:34:46,178 [INFO] IPUIPlugin:80 - create IPUIPlugin
2023-12-13 21:34:46,178 [INFO] IPUIPlugin:80 - create IPUIPlugin
2023-12-13 21:34:46,178 [INFO] IPUIPlugin:80 - create IPUIPlugin
2023-12-13 21:34:46,178 [INFO] IPUIPlugin:80 - create IPUIPlugin
2023-12-13 21:34:46,179 [INFO] IPUIPlugin:80 - create IPUIPlugin
2023-12-13 21:34:46,179 [INFO] IPUIPlugin:80 - create IPUIPlugin
2023-12-13 21:34:46,179 [INFO] IPUIPlugin:80 - create IPUIPlugin
2023-12-13 21:34:46,179 [INFO] IPUIPlugin:80 - create IPUIPlugin
2023-12-13 21:34:46,179 [INFO] IPUIPlugin:80 - create IPUIPlugin
2023-12-13 21:34:46,180 [INFO] IPUIPlugin:80 - create IPUIPlugin
2023-12-13 21:34:46,180 [INFO] IPUIPlugin:80 - create IPUIPlugin
2023-12-13 21:34:46,180 [INFO] IPUIPlugin:80 - create IPUIPlugin
2023-12-13 21:34:46,180 [INFO] IPUIPlugin:80 - create IPUIPlugin
2023-12-13 21:34:46,180 [INFO] IPUIPlugin:80 - create IPUIPlugin
2023-12-13 21:34:46,180 [INFO] IPUIPlugin:80 - create IPUIPlugin
2023-12-13 21:34:46,181 [INFO] IPUIPlugin:80 - create IPUIPlugin
2023-12-13 21:34:46,181 [INFO] IPUIPlugin:80 - create IPUIPlugin
2023-12-13 21:34:46,181 [INFO] IPUIPlugin:80 - create IPUIPlugin
2023-12-13 21:34:46,181 [INFO] IPUIPlugin:80 - create IPUIPlugin
2023-12-13 21:34:46,181 [INFO] IPUIPlugin:80 - create IPUIPlugin
2023-12-13 21:34:46,181 [INFO] IPUIPlugin:80 - create IPUIPlugin
2023-12-13 21:34:46,181 [INFO] IPUIPlugin:80 - create IPUIPlugin
2023-12-13 21:34:46,182 [INFO] IPUIPlugin:80 - create IPUIPlugin
2023-12-13 21:34:46,182 [INFO] IPUIPlugin:80 - create IPUIPlugin
2023-12-13 21:34:46,182 [INFO] IPUIPlugin:80 - create IPUIPlugin
2023-12-13 21:34:46,182 [INFO] IPUIPlugin:80 - create IPUIPlugin
2023-12-13 21:34:46,183 [INFO] IPUIPlugin:80 - create IPUIPlugin
2023-12-13 21:34:46,183 [INFO] IPUIPlugin:80 - create IPUIPlugin
2023-12-13 21:34:46,227 [INFO] ApiDbMcu:508 - Load IP Config File for PDM2PCM
2023-12-13 21:34:46,397 [INFO] CADModel:165 - CPN selected for project levelSTM32F411CEU6
2023-12-13 21:34:46,397 [INFO] CADModel:114 - Register for checkConnection events
2023-12-13 21:34:46,442 [INFO] OpenFileManager:343 - Restore cursor
2023-12-13 21:34:47,186 [INFO] UtilMem:75 - End SaveConfig() Used Memory: 304909816 Bytes (772800512)
2023-12-13 21:34:47,316 [INFO] UtilMem:75 - End SaveConfig() Used Memory: 341609976 Bytes (772800512)
2023-12-13 21:34:47,812 [INFO] BlockDiagram:2759 - set Specific Code input for plugin: RTC
2023-12-13 21:34:47,813 [INFO] BlockDiagram:2759 - set Specific Code input for plugin: NVIC
2023-12-13 21:34:47,813 [INFO] BlockDiagram:2759 - set Specific Code input for plugin: DMA
2023-12-13 21:34:47,813 [INFO] BlockDiagram:2759 - set Specific Code input for plugin: TIM1_8
2023-12-13 21:34:47,813 [INFO] BlockDiagram:2759 - set Specific Code input for plugin: SYS
2023-12-13 21:34:47,813 [INFO] BlockDiagram:2759 - set Specific Code input for plugin: GPIO
2023-12-13 21:34:47,813 [INFO] BlockDiagram:2759 - set Specific Code input for plugin: ADC
2023-12-13 21:34:47,813 [INFO] BlockDiagram:2759 - set Specific Code input for plugin: RCC
2023-12-13 21:34:47,814 [INFO] CodeGenerator:807 - code generatio: config db path: C:\ST\STM32CubeIDE_1.13.2\STM32CubeIDE\plugins\com.st.stm32cube.common.mx_6.10.0.202311202037\\db\
2023-12-13 21:34:48,087 [INFO] CodeEngine:255 - oldGeneratedFile, C:\Users\Niko\Documents\Git\STM32_Examples\TB_Lab5\MXTmpFiles\license.tmp_save
2023-12-13 21:34:48,402 [INFO] CodeEngine:279 - Generated code: C:\Users\Niko\Documents\Git\STM32_Examples\TB_Lab5\MXTmpFiles\license.tmp
2023-12-13 21:34:48,447 [INFO] CodeEngine:255 - oldGeneratedFile, C:\Users\Niko\Documents\Git\STM32_Examples\TB_Lab5\MXTmpFiles\gpio.tmp_save
2023-12-13 21:34:48,679 [INFO] CodeEngine:279 - Generated code: C:\Users\Niko\Documents\Git\STM32_Examples\TB_Lab5\MXTmpFiles\gpio.tmp
2023-12-13 21:34:49,163 [INFO] CodeEngine:255 - oldGeneratedFile, C:\Users\Niko\Documents\Git\STM32_Examples\TB_Lab5\MXTmpFiles\dma.tmp_save
2023-12-13 21:34:49,330 [INFO] CodeEngine:279 - Generated code: C:\Users\Niko\Documents\Git\STM32_Examples\TB_Lab5\MXTmpFiles\dma.tmp
2023-12-13 21:34:49,345 [INFO] CodeEngine:255 - oldGeneratedFile, C:\Users\Niko\Documents\Git\STM32_Examples\TB_Lab5\MXTmpFiles\dma_GV.tmp_save
2023-12-13 21:34:49,415 [INFO] CodeEngine:279 - Generated code: C:\Users\Niko\Documents\Git\STM32_Examples\TB_Lab5\MXTmpFiles\dma_GV.tmp
2023-12-13 21:34:49,427 [INFO] CodeEngine:255 - oldGeneratedFile, C:\Users\Niko\Documents\Git\STM32_Examples\TB_Lab5\Core\Src\stm32f4xx_it.c_save
2023-12-13 21:34:49,913 [INFO] CodeEngine:279 - Generated code: C:\Users\Niko\Documents\Git\STM32_Examples\TB_Lab5\Core\Src\stm32f4xx_it.c
2023-12-13 21:34:49,916 [INFO] CodeEngine:255 - oldGeneratedFile, C:\Users\Niko\Documents\Git\STM32_Examples\TB_Lab5\Core\Inc\stm32f4xx_it.h_save
2023-12-13 21:34:49,988 [INFO] CodeEngine:279 - Generated code: C:\Users\Niko\Documents\Git\STM32_Examples\TB_Lab5\Core\Inc\stm32f4xx_it.h
2023-12-13 21:34:49,995 [INFO] CodeEngine:255 - oldGeneratedFile, C:\Users\Niko\Documents\Git\STM32_Examples\TB_Lab5\Core\Src\stm32f4xx_hal_msp.c_save
2023-12-13 21:34:50,152 [INFO] CodeEngine:279 - Generated code: C:\Users\Niko\Documents\Git\STM32_Examples\TB_Lab5\Core\Src\stm32f4xx_hal_msp.c
2023-12-13 21:34:50,161 [INFO] CodeEngine:255 - oldGeneratedFile, C:\Users\Niko\Documents\Git\STM32_Examples\TB_Lab5\MXTmpFiles\system.tmp_save
2023-12-13 21:34:50,215 [INFO] CodeEngine:279 - Generated code: C:\Users\Niko\Documents\Git\STM32_Examples\TB_Lab5\MXTmpFiles\system.tmp
2023-12-13 21:34:50,224 [INFO] CodeEngine:311 - oldGeneratedFile, C:\Users\Niko\Documents\Git\STM32_Examples\TB_Lab5\Core\Inc\stm32f4xx_hal_conf.h_save
2023-12-13 21:34:50,348 [INFO] CodeEngine:335 - Generated code: C:\Users\Niko\Documents\Git\STM32_Examples\TB_Lab5\Core\Inc\stm32f4xx_hal_conf.h
2023-12-13 21:34:50,404 [WARN] IPConfigManager:3440 - IP not found : TIM
2023-12-13 21:34:50,405 [WARN] CodeGenerator:3939 - IP not found : null
2023-12-13 21:34:50,411 [INFO] CodeEngine:255 - oldGeneratedFile, C:\Users\Niko\Documents\Git\STM32_Examples\TB_Lab5\Core\Inc\main.h_save
2023-12-13 21:34:50,562 [INFO] CodeEngine:279 - Generated code: C:\Users\Niko\Documents\Git\STM32_Examples\TB_Lab5\Core\Inc\main.h
2023-12-13 21:34:50,573 [INFO] CodeEngine:255 - oldGeneratedFile, C:\Users\Niko\Documents\Git\STM32_Examples\TB_Lab5\Core\Src\main.c_save
2023-12-13 21:34:50,788 [INFO] CodeEngine:279 - Generated code: C:\Users\Niko\Documents\Git\STM32_Examples\TB_Lab5\Core\Src\main.c
2023-12-13 21:34:52,252 [INFO] ProjectBuilder:3076 - Time for Copy HAL[1] : 762mS.
2023-12-13 21:34:52,257 [INFO] ProjectBuilder:4485 - Project Generator version: 4.2.0-B44
2023-12-13 21:34:52,429 [INFO] ConfigFileManager:1495 - The Die is : DIE431
2023-12-13 21:34:52,440 [INFO] ApiDbMcu:508 - Load IP Config File for FATFS
2023-12-13 21:34:52,529 [INFO] ApiDbMcu:508 - Load IP Config File for FREERTOS
2023-12-13 21:34:52,534 [INFO] ApiDbMcu:508 - Load IP Config File for LIBJPEG
2023-12-13 21:34:52,576 [INFO] ApiDbMcu:508 - Load IP Config File for MBEDTLS
2023-12-13 21:34:52,613 [INFO] ApiDbMcu:508 - Load IP Config File for USB_DEVICE
2023-12-13 21:34:52,623 [INFO] ApiDbMcu:508 - Load IP Config File for USB_HOST
2023-12-13 21:34:53,565 [INFO] LogOutputStream:77 - [STDOUT_REDIRECT] 
2023-12-13 21:34:56,689 [INFO] ProjectBuilder:4747 - Time for Generating toolchain IDE Files: 4431mS.
2023-12-13 21:34:56,689 [INFO] ProjectBuilder:2947 - Time for Copy CMSIS : 0mS.
2023-12-13 21:34:56,691 [INFO] ProjectBuilder:2947 - Time for Copy CMSIS : 0mS.
2023-12-13 21:34:57,832 [INFO] McuFinderGlobals:76 - Set McuFinderConnectedMode to true
2023-12-13 21:34:58,065 [INFO] ApiDb:448 - Save user favorites file C:\Users\Niko/.stm32cubeide/favorites.mcus.txt: 1 item(s)
2023-12-13 21:34:58,065 [INFO] ApiDb:452 - User favorites MCUs=[STM32F411CEU6]
